Apache Maven 3.0.5 (r01de14724cdef164cd33c7c8c2fe155faf9602da; 2013-02-19 19:21:28+0530)
Maven home: E:\DEV_BOX\WORKERS\apache-maven-3.0.5
Java version: 1.6.0_45, vendor: Sun Microsystems Inc.
Java home: E:\DEV_BOX\PROGRAMS\JAVA\6\JDK\jre
Default locale: en_IN, platform encoding: Cp1252
OS name: "windows 7", version: "6.1", arch: "amd64", family: "windows"
[INFO] Error stacktraces are turned on.
[DEBUG] Reading global settings from E:\DEV_BOX\WORKERS\apache-maven-3.0.5\conf\settings.xml
[DEBUG] Reading user settings from C:\Users\TCS\.m2\settings.xml
[DEBUG] Using local repository at C:\Users\TCS\.m2\repository
[DEBUG] Using manager EnhancedLocalRepositoryManager with priority 10 for C:\Users\TCS\.m2\repository
[INFO] Scanning for projects...
[DEBUG] Extension realms for project in.v8delta.template.myWebAppTmpl.webUi:webUi:jar:1.0: (none)
[DEBUG] Looking up lifecyle mappings for packaging jar from ClassRealm[plexus.core, parent: null]
[DEBUG] === REACTOR BUILD PLAN ================================================
[DEBUG] Project: in.v8delta.template.myWebAppTmpl.webUi:webUi:jar:1.0
[DEBUG] Tasks:   [install]
[DEBUG] Style:   Regular
[DEBUG] =======================================================================
[INFO]                                                                         
[INFO] ------------------------------------------------------------------------
[INFO] Building My Web App Template :: Sencha based Web UI 1.0
[INFO] ------------------------------------------------------------------------
[DEBUG] Lifecycle default -> [validate, initialize, generate-sources, process-sources, generate-resources, process-resources, compile, process-classes, generate-test-sources, process-test-sources, generate-test-resources, process-test-resources, test-compile, process-test-classes, test, prepare-package, package, pre-integration-test, integration-test, post-integration-test, verify, install, deploy]
[DEBUG] Lifecycle clean -> [pre-clean, clean, post-clean]
[DEBUG] Lifecycle site -> [pre-site, site, post-site, site-deploy]
[DEBUG] Lifecycle default -> [validate, initialize, generate-sources, process-sources, generate-resources, process-resources, compile, process-classes, generate-test-sources, process-test-sources, generate-test-resources, process-test-resources, test-compile, process-test-classes, test, prepare-package, package, pre-integration-test, integration-test, post-integration-test, verify, install, deploy]
[DEBUG] Lifecycle clean -> [pre-clean, clean, post-clean]
[DEBUG] Lifecycle site -> [pre-site, site, post-site, site-deploy]
[DEBUG] Lifecycle default -> [validate, initialize, generate-sources, process-sources, generate-resources, process-resources, compile, process-classes, generate-test-sources, process-test-sources, generate-test-resources, process-test-resources, test-compile, process-test-classes, test, prepare-package, package, pre-integration-test, integration-test, post-integration-test, verify, install, deploy]
[DEBUG] Lifecycle clean -> [pre-clean, clean, post-clean]
[DEBUG] Lifecycle site -> [pre-site, site, post-site, site-deploy]
[DEBUG] Lifecycle default -> [validate, initialize, generate-sources, process-sources, generate-resources, process-resources, compile, process-classes, generate-test-sources, process-test-sources, generate-test-resources, process-test-resources, test-compile, process-test-classes, test, prepare-package, package, pre-integration-test, integration-test, post-integration-test, verify, install, deploy]
[DEBUG] Lifecycle clean -> [pre-clean, clean, post-clean]
[DEBUG] Lifecycle site -> [pre-site, site, post-site, site-deploy]
[DEBUG] Lifecycle default -> [validate, initialize, generate-sources, process-sources, generate-resources, process-resources, compile, process-classes, generate-test-sources, process-test-sources, generate-test-resources, process-test-resources, test-compile, process-test-classes, test, prepare-package, package, pre-integration-test, integration-test, post-integration-test, verify, install, deploy]
[DEBUG] Lifecycle clean -> [pre-clean, clean, post-clean]
[DEBUG] Lifecycle site -> [pre-site, site, post-site, site-deploy]
[DEBUG] Lifecycle default -> [validate, initialize, generate-sources, process-sources, generate-resources, process-resources, compile, process-classes, generate-test-sources, process-test-sources, generate-test-resources, process-test-resources, test-compile, process-test-classes, test, prepare-package, package, pre-integration-test, integration-test, post-integration-test, verify, install, deploy]
[DEBUG] Lifecycle clean -> [pre-clean, clean, post-clean]
[DEBUG] Lifecycle site -> [pre-site, site, post-site, site-deploy]
[DEBUG] Lifecycle default -> [validate, initialize, generate-sources, process-sources, generate-resources, process-resources, compile, process-classes, generate-test-sources, process-test-sources, generate-test-resources, process-test-resources, test-compile, process-test-classes, test, prepare-package, package, pre-integration-test, integration-test, post-integration-test, verify, install, deploy]
[DEBUG] Lifecycle clean -> [pre-clean, clean, post-clean]
[DEBUG] Lifecycle site -> [pre-site, site, post-site, site-deploy]
[DEBUG] Lifecycle default -> [validate, initialize, generate-sources, process-sources, generate-resources, process-resources, compile, process-classes, generate-test-sources, process-test-sources, generate-test-resources, process-test-resources, test-compile, process-test-classes, test, prepare-package, package, pre-integration-test, integration-test, post-integration-test, verify, install, deploy]
[DEBUG] Lifecycle clean -> [pre-clean, clean, post-clean]
[DEBUG] Lifecycle site -> [pre-site, site, post-site, site-deploy]
[DEBUG] === PROJECT BUILD PLAN ================================================
[DEBUG] Project:       in.v8delta.template.myWebAppTmpl.webUi:webUi:1.0
[DEBUG] Dependencies (collect): []
[DEBUG] Dependencies (resolve): [compile, runtime, test]
[DEBUG] Repositories (dependencies): [central (http://repo.maven.apache.org/maven2, releases)]
[DEBUG] Repositories (plugins)     : [central (http://repo.maven.apache.org/maven2, releases)]
[DEBUG] -----------------------------------------------------------------------
[DEBUG] Goal:          org.apache.maven.plugins:maven-resources-plugin:2.5:resources (default-resources)
[DEBUG] Style:         Regular
[DEBUG] Configuration: <?xml version="1.0" encoding="UTF-8"?>
<configuration>
  <buildFilters default-value="${project.build.filters}"/>
  <encoding default-value="${project.build.sourceEncoding}">${encoding}</encoding>
  <escapeString>${maven.resources.escapeString}</escapeString>
  <escapeWindowsPaths default-value="true">${maven.resources.escapeWindowsPaths}</escapeWindowsPaths>
  <includeEmptyDirs default-value="false">${maven.resources.includeEmptyDirs}</includeEmptyDirs>
  <outputDirectory default-value="${project.build.outputDirectory}"/>
  <overwrite default-value="false">${maven.resources.overwrite}</overwrite>
  <project default-value="${project}"/>
  <resources default-value="${project.resources}"/>
  <session default-value="${session}"/>
  <supportMultiLineFiltering default-value="false">${maven.resources.supportMultiLineFiltering}</supportMultiLineFiltering>
  <useBuildFilters default-value="true"/>
  <useDefaultDelimiters default-value="true"/>
</configuration>
[DEBUG] -----------------------------------------------------------------------
[DEBUG] Goal:          org.apache.maven.plugins:maven-compiler-plugin:2.3.2:compile (default-compile)
[DEBUG] Style:         Regular
[DEBUG] Configuration: <?xml version="1.0" encoding="UTF-8"?>
<configuration>
  <basedir default-value="${basedir}"/>
  <buildDirectory default-value="${project.build.directory}"/>
  <classpathElements default-value="${project.compileClasspathElements}"/>
  <compileSourceRoots default-value="${project.compileSourceRoots}"/>
  <compilerId default-value="javac">${maven.compiler.compilerId}</compilerId>
  <compilerVersion>${maven.compiler.compilerVersion}</compilerVersion>
  <debug default-value="true">${maven.compiler.debug}</debug>
  <debuglevel>${maven.compiler.debuglevel}</debuglevel>
  <encoding default-value="${project.build.sourceEncoding}">${encoding}</encoding>
  <executable>${maven.compiler.executable}</executable>
  <failOnError default-value="true">${maven.compiler.failOnError}</failOnError>
  <fork default-value="false">${maven.compiler.fork}</fork>
  <generatedSourcesDirectory default-value="${project.build.directory}/generated-sources/annotations"/>
  <maxmem>${maven.compiler.maxmem}</maxmem>
  <meminitial>${maven.compiler.meminitial}</meminitial>
  <optimize default-value="false">${maven.compiler.optimize}</optimize>
  <outputDirectory default-value="${project.build.outputDirectory}"/>
  <outputFileName>${project.build.finalName}</outputFileName>
  <projectArtifact default-value="${project.artifact}"/>
  <session default-value="${session}"/>
  <showDeprecation default-value="false">${maven.compiler.showDeprecation}</showDeprecation>
  <showWarnings default-value="false">${maven.compiler.showWarnings}</showWarnings>
  <source default-value="1.5">${maven.compiler.source}</source>
  <staleMillis default-value="0">${lastModGranularityMs}</staleMillis>
  <target default-value="1.5">${maven.compiler.target}</target>
  <verbose default-value="false">${maven.compiler.verbose}</verbose>
</configuration>
[DEBUG] -----------------------------------------------------------------------
[DEBUG] Goal:          org.apache.maven.plugins:maven-resources-plugin:2.5:testResources (default-testResources)
[DEBUG] Style:         Regular
[DEBUG] Configuration: <?xml version="1.0" encoding="UTF-8"?>
<configuration>
  <buildFilters default-value="${project.build.filters}"/>
  <encoding default-value="${project.build.sourceEncoding}">${encoding}</encoding>
  <escapeString>${maven.resources.escapeString}</escapeString>
  <escapeWindowsPaths default-value="true">${maven.resources.escapeWindowsPaths}</escapeWindowsPaths>
  <includeEmptyDirs default-value="false">${maven.resources.includeEmptyDirs}</includeEmptyDirs>
  <outputDirectory>${project.build.testOutputDirectory}</outputDirectory>
  <overwrite default-value="false">${maven.resources.overwrite}</overwrite>
  <project default-value="${project}"/>
  <resources>${project.testResources}</resources>
  <session default-value="${session}"/>
  <supportMultiLineFiltering default-value="false">${maven.resources.supportMultiLineFiltering}</supportMultiLineFiltering>
  <useBuildFilters default-value="true"/>
  <useDefaultDelimiters default-value="true"/>
</configuration>
[DEBUG] -----------------------------------------------------------------------
[DEBUG] Goal:          org.apache.maven.plugins:maven-compiler-plugin:2.3.2:testCompile (default-testCompile)
[DEBUG] Style:         Regular
[DEBUG] Configuration: <?xml version="1.0" encoding="UTF-8"?>
<configuration>
  <basedir default-value="${basedir}"/>
  <buildDirectory default-value="${project.build.directory}"/>
  <classpathElements default-value="${project.testClasspathElements}"/>
  <compileSourceRoots default-value="${project.testCompileSourceRoots}"/>
  <compilerId default-value="javac">${maven.compiler.compilerId}</compilerId>
  <compilerVersion>${maven.compiler.compilerVersion}</compilerVersion>
  <debug default-value="true">${maven.compiler.debug}</debug>
  <debuglevel>${maven.compiler.debuglevel}</debuglevel>
  <encoding default-value="${project.build.sourceEncoding}">${encoding}</encoding>
  <executable>${maven.compiler.executable}</executable>
  <failOnError default-value="true">${maven.compiler.failOnError}</failOnError>
  <fork default-value="false">${maven.compiler.fork}</fork>
  <generatedTestSourcesDirectory default-value="${project.build.directory}/generated-sources/test-annotations"/>
  <maxmem>${maven.compiler.maxmem}</maxmem>
  <meminitial>${maven.compiler.meminitial}</meminitial>
  <optimize default-value="false">${maven.compiler.optimize}</optimize>
  <outputDirectory default-value="${project.build.testOutputDirectory}"/>
  <outputFileName>${project.build.finalName}</outputFileName>
  <session default-value="${session}"/>
  <showDeprecation default-value="false">${maven.compiler.showDeprecation}</showDeprecation>
  <showWarnings default-value="false">${maven.compiler.showWarnings}</showWarnings>
  <skip>${maven.test.skip}</skip>
  <source default-value="1.5">${maven.compiler.source}</source>
  <staleMillis default-value="0">${lastModGranularityMs}</staleMillis>
  <target default-value="1.5">${maven.compiler.target}</target>
  <testSource>${maven.compiler.testSource}</testSource>
  <testTarget>${maven.compiler.testTarget}</testTarget>
  <verbose default-value="false">${maven.compiler.verbose}</verbose>
</configuration>
[DEBUG] -----------------------------------------------------------------------
[DEBUG] Goal:          org.apache.maven.plugins:maven-surefire-plugin:2.10:test (default-test)
[DEBUG] Style:         Regular
[DEBUG] Configuration: <?xml version="1.0" encoding="UTF-8"?>
<configuration>
  <argLine>${argLine}</argLine>
  <basedir default-value="${basedir}"/>
  <childDelegation default-value="false">${childDelegation}</childDelegation>
  <classesDirectory default-value="${project.build.outputDirectory}"/>
  <debugForkedProcess>${maven.surefire.debug}</debugForkedProcess>
  <disableXmlReport default-value="false">${disableXmlReport}</disableXmlReport>
  <enableAssertions default-value="true">${enableAssertions}</enableAssertions>
  <excludedGroups>${excludedGroups}</excludedGroups>
  <failIfNoTests>${failIfNoTests}</failIfNoTests>
  <forkMode default-value="once">${forkMode}</forkMode>
  <forkedProcessTimeoutInSeconds>${surefire.timeout}</forkedProcessTimeoutInSeconds>
  <groups>${groups}</groups>
  <junitArtifactName default-value="junit:junit">${junitArtifactName}</junitArtifactName>
  <jvm>${jvm}</jvm>
  <localRepository>${localRepository}</localRepository>
  <objectFactory>${objectFactory}</objectFactory>
  <parallel>${parallel}</parallel>
  <parallelMavenExecution default-value="${session.parallel}"/>
  <perCoreThreadCount default-value="true">${perCoreThreadCount}</perCoreThreadCount>
  <pluginArtifactMap>${plugin.artifactMap}</pluginArtifactMap>
  <printSummary default-value="true">${surefire.printSummary}</printSummary>
  <project default-value="${project}"/>
  <projectArtifactMap>${project.artifactMap}</projectArtifactMap>
  <redirectTestOutputToFile default-value="false">${maven.test.redirectTestOutputToFile}</redirectTestOutputToFile>
  <remoteRepositories>${project.pluginArtifactRepositories}</remoteRepositories>
  <reportFormat default-value="brief">${surefire.reportFormat}</reportFormat>
  <reportNameSuffix default-value="">${surefire.reportNameSuffix}</reportNameSuffix>
  <reportsDirectory default-value="${project.build.directory}/surefire-reports"/>
  <runOrder default-value="filesystem"/>
  <session>${session}</session>
  <skip default-value="false">${maven.test.skip}</skip>
  <skipExec>${maven.test.skip.exec}</skipExec>
  <skipTests default-value="false">${skipTests}</skipTests>
  <test>${test}</test>
  <testClassesDirectory default-value="${project.build.testOutputDirectory}"/>
  <testFailureIgnore default-value="false">${maven.test.failure.ignore}</testFailureIgnore>
  <testNGArtifactName default-value="org.testng:testng">${testNGArtifactName}</testNGArtifactName>
  <testSourceDirectory default-value="${project.build.testSourceDirectory}"/>
  <threadCount>${threadCount}</threadCount>
  <trimStackTrace default-value="true">${trimStackTrace}</trimStackTrace>
  <useFile default-value="true">${surefire.useFile}</useFile>
  <useManifestOnlyJar default-value="true">${surefire.useManifestOnlyJar}</useManifestOnlyJar>
  <useSystemClassLoader default-value="true">${surefire.useSystemClassLoader}</useSystemClassLoader>
  <useUnlimitedThreads default-value="false">${useUnlimitedThreads}</useUnlimitedThreads>
  <workingDirectory>${basedir}</workingDirectory>
</configuration>
[DEBUG] -----------------------------------------------------------------------
[DEBUG] Goal:          org.apache.maven.plugins:maven-jar-plugin:2.3.2:jar (default-jar)
[DEBUG] Style:         Regular
[DEBUG] Configuration: <?xml version="1.0" encoding="UTF-8"?>
<configuration>
  <classesDirectory default-value="${project.build.outputDirectory}"/>
  <defaultManifestFile default-value="${project.build.outputDirectory}/META-INF/MANIFEST.MF"/>
  <finalName default-value="${project.build.finalName}">${jar.finalName}</finalName>
  <forceCreation default-value="false">${jar.forceCreation}</forceCreation>
  <outputDirectory default-value="${project.build.directory}"/>
  <project default-value="${project}"/>
  <useDefaultManifestFile default-value="false">${jar.useDefaultManifestFile}</useDefaultManifestFile>
</configuration>
[DEBUG] -----------------------------------------------------------------------
[DEBUG] Goal:          org.apache.maven.plugins:maven-install-plugin:2.3.1:install (default-install)
[DEBUG] Style:         Regular
[DEBUG] Configuration: <?xml version="1.0" encoding="UTF-8"?>
<configuration>
  <artifact default-value="${project.artifact}"/>
  <attachedArtifacts default-value="${project.attachedArtifacts}"/>
  <createChecksum default-value="false">${createChecksum}</createChecksum>
  <localRepository>${localRepository}</localRepository>
  <packaging default-value="${project.packaging}"/>
  <pomFile default-value="${project.file}"/>
  <updateReleaseInfo default-value="false">${updateReleaseInfo}</updateReleaseInfo>
</configuration>
[DEBUG] -----------------------------------------------------------------------
[DEBUG] Goal:          org.apache.maven.plugins:maven-antrun-plugin:1.3:run (sencha-build)
[DEBUG] Style:         Regular
[DEBUG] Configuration: <?xml version="1.0" encoding="UTF-8"?>
<configuration>
  <pluginArtifacts>${plugin.artifacts}</pluginArtifacts>
  <project>${project}</project>
  <sourceRoot>${sourceRoot}</sourceRoot>
  <tasks>
    <ant inheritRefs="true" target="build"></ant>${tasks}</tasks>
  <testSourceRoot>${testSourceRoot}</testSourceRoot>
</configuration>
[DEBUG] =======================================================================
[DEBUG] in.v8delta.template.myWebAppTmpl.webUi:webUi:jar:1.0
[INFO] 
[INFO] --- maven-resources-plugin:2.5:resources (default-resources) @ webUi ---
[DEBUG] Created new class realm maven.api
[DEBUG] Importing foreign packages into class realm maven.api
[DEBUG]   Imported: org.apache.maven.wagon.events < plexus.core
[DEBUG]   Imported: org.sonatype.aether.transfer < plexus.core
[DEBUG]   Imported: org.apache.maven.exception < plexus.core
[DEBUG]   Imported: org.sonatype.aether.metadata < plexus.core
[DEBUG]   Imported: org.codehaus.plexus.util.xml.Xpp3Dom < plexus.core
[DEBUG]   Imported: org.sonatype.aether.collection < plexus.core
[DEBUG]   Imported: org.sonatype.aether.version < plexus.core
[DEBUG]   Imported: org.apache.maven.monitor < plexus.core
[DEBUG]   Imported: org.apache.maven.wagon.repository < plexus.core
[DEBUG]   Imported: org.apache.maven.repository < plexus.core
[DEBUG]   Imported: org.apache.maven.wagon.resource < plexus.core
[DEBUG]   Imported: org.codehaus.plexus.logging < plexus.core
[DEBUG]   Imported: org.apache.maven.profiles < plexus.core
[DEBUG]   Imported: org.sonatype.aether.repository < plexus.core
[DEBUG]   Imported: org.apache.maven.classrealm < plexus.core
[DEBUG]   Imported: org.apache.maven.execution < plexus.core
[DEBUG]   Imported: org.sonatype.aether.artifact < plexus.core
[DEBUG]   Imported: org.sonatype.aether.spi < plexus.core
[DEBUG]   Imported: org.apache.maven.reporting < plexus.core
[DEBUG]   Imported: org.apache.maven.usability < plexus.core
[DEBUG]   Imported: org.codehaus.plexus.container < plexus.core
[DEBUG]   Imported: org.codehaus.plexus.component < plexus.core
[DEBUG]   Imported: org.codehaus.plexus.util.xml.pull.XmlSerializer < plexus.core
[DEBUG]   Imported: org.apache.maven.wagon.authentication < plexus.core
[DEBUG]   Imported: org.apache.maven.lifecycle < plexus.core
[DEBUG]   Imported: org.codehaus.plexus.classworlds < plexus.core
[DEBUG]   Imported: org.sonatype.aether.graph < plexus.core
[DEBUG]   Imported: org.sonatype.aether.* < plexus.core
[DEBUG]   Imported: org.apache.maven.settings < plexus.core
[DEBUG]   Imported: org.codehaus.classworlds < plexus.core
[DEBUG]   Imported: org.sonatype.aether.impl < plexus.core
[DEBUG]   Imported: org.apache.maven.wagon.* < plexus.core
[DEBUG]   Imported: org.apache.maven.toolchain < plexus.core
[DEBUG]   Imported: org.sonatype.aether.deployment < plexus.core
[DEBUG]   Imported: org.apache.maven.wagon.observers < plexus.core
[DEBUG]   Imported: org.codehaus.plexus.util.xml.pull.XmlPullParserException < plexus.core
[DEBUG]   Imported: org.codehaus.plexus.util.xml.pull.XmlPullParser < plexus.core
[DEBUG]   Imported: org.apache.maven.configuration < plexus.core
[DEBUG]   Imported: org.apache.maven.cli < plexus.core
[DEBUG]   Imported: org.sonatype.aether.installation < plexus.core
[DEBUG]   Imported: org.codehaus.plexus.context < plexus.core
[DEBUG]   Imported: org.apache.maven.wagon.authorization < plexus.core
[DEBUG]   Imported: org.apache.maven.project < plexus.core
[DEBUG]   Imported: org.apache.maven.rtinfo < plexus.core
[DEBUG]   Imported: org.codehaus.plexus.lifecycle < plexus.core
[DEBUG]   Imported: org.codehaus.plexus.configuration < plexus.core
[DEBUG]   Imported: org.apache.maven.artifact < plexus.core
[DEBUG]   Imported: org.apache.maven.model < plexus.core
[DEBUG]   Imported: org.apache.maven.* < plexus.core
[DEBUG]   Imported: org.apache.maven.wagon.proxy < plexus.core
[DEBUG]   Imported: org.sonatype.aether.resolution < plexus.core
[DEBUG]   Imported: org.apache.maven.plugin < plexus.core
[DEBUG]   Imported: org.codehaus.plexus.* < plexus.core
[DEBUG]   Imported: org.codehaus.plexus.personality < plexus.core
[DEBUG] Populating class realm maven.api
[DEBUG] org.apache.maven.plugins:maven-resources-plugin:jar:2.5:
[DEBUG]    org.apache.maven:maven-plugin-api:jar:2.0.6:compile
[DEBUG]    org.apache.maven:maven-project:jar:2.0.6:compile
[DEBUG]       org.apache.maven:maven-profile:jar:2.0.6:compile
[DEBUG]       org.apache.maven:maven-artifact-manager:jar:2.0.6:compile
[DEBUG]       org.apache.maven:maven-plugin-registry:jar:2.0.6:compile
[DEBUG]    org.apache.maven:maven-core:jar:2.0.6:compile
[DEBUG]       org.apache.maven:maven-plugin-parameter-documenter:jar:2.0.6:compile
[DEBUG]       org.apache.maven.reporting:maven-reporting-api:jar:2.0.6:compile
[DEBUG]          org.apache.maven.doxia:doxia-sink-api:jar:1.0-alpha-7:compile
[DEBUG]       org.apache.maven:maven-repository-metadata:jar:2.0.6:compile
[DEBUG]       org.apache.maven:maven-error-diagnostics:jar:2.0.6:compile
[DEBUG]       commons-cli:commons-cli:jar:1.0:compile
[DEBUG]       org.apache.maven:maven-plugin-descriptor:jar:2.0.6:compile
[DEBUG]       org.codehaus.plexus:plexus-interactivity-api:jar:1.0-alpha-4:compile
[DEBUG]       classworlds:classworlds:jar:1.1:compile
[DEBUG]    org.apache.maven:maven-artifact:jar:2.0.6:compile
[DEBUG]    org.apache.maven:maven-settings:jar:2.0.6:compile
[DEBUG]    org.apache.maven:maven-model:jar:2.0.6:compile
[DEBUG]    org.apache.maven:maven-monitor:jar:2.0.6:compile
[DEBUG]    org.codehaus.plexus:plexus-container-default:jar:1.0-alpha-9-stable-1:compile
[DEBUG]       junit:junit:jar:3.8.1:compile
[DEBUG]    org.codehaus.plexus:plexus-utils:jar:2.0.5:compile
[DEBUG]    org.apache.maven.shared:maven-filtering:jar:1.0:compile
[DEBUG]       org.sonatype.plexus:plexus-build-api:jar:0.0.4:compile
[DEBUG]    org.codehaus.plexus:plexus-interpolation:jar:1.13:compile
[DEBUG] Created new class realm plugin>org.apache.maven.plugins:maven-resources-plugin:2.5
[DEBUG] Importing foreign packages into class realm plugin>org.apache.maven.plugins:maven-resources-plugin:2.5
[DEBUG]   Imported:  < maven.api
[DEBUG] Populating class realm plugin>org.apache.maven.plugins:maven-resources-plugin:2.5
[DEBUG]   Included: org.apache.maven.plugins:maven-resources-plugin:jar:2.5
[DEBUG]   Included: org.apache.maven.reporting:maven-reporting-api:jar:2.0.6
[DEBUG]   Included: org.apache.maven.doxia:doxia-sink-api:jar:1.0-alpha-7
[DEBUG]   Included: commons-cli:commons-cli:jar:1.0
[DEBUG]   Included: org.codehaus.plexus:plexus-interactivity-api:jar:1.0-alpha-4
[DEBUG]   Included: junit:junit:jar:3.8.1
[DEBUG]   Included: org.codehaus.plexus:plexus-utils:jar:2.0.5
[DEBUG]   Included: org.apache.maven.shared:maven-filtering:jar:1.0
[DEBUG]   Included: org.sonatype.plexus:plexus-build-api:jar:0.0.4
[DEBUG]   Included: org.codehaus.plexus:plexus-interpolation:jar:1.13
[DEBUG]   Excluded: org.apache.maven:maven-plugin-api:jar:2.0.6
[DEBUG]   Excluded: org.apache.maven:maven-project:jar:2.0.6
[DEBUG]   Excluded: org.apache.maven:maven-profile:jar:2.0.6
[DEBUG]   Excluded: org.apache.maven:maven-artifact-manager:jar:2.0.6
[DEBUG]   Excluded: org.apache.maven:maven-plugin-registry:jar:2.0.6
[DEBUG]   Excluded: org.apache.maven:maven-core:jar:2.0.6
[DEBUG]   Excluded: org.apache.maven:maven-plugin-parameter-documenter:jar:2.0.6
[DEBUG]   Excluded: org.apache.maven:maven-repository-metadata:jar:2.0.6
[DEBUG]   Excluded: org.apache.maven:maven-error-diagnostics:jar:2.0.6
[DEBUG]   Excluded: org.apache.maven:maven-plugin-descriptor:jar:2.0.6
[DEBUG]   Excluded: classworlds:classworlds:jar:1.1
[DEBUG]   Excluded: org.apache.maven:maven-artifact:jar:2.0.6
[DEBUG]   Excluded: org.apache.maven:maven-settings:jar:2.0.6
[DEBUG]   Excluded: org.apache.maven:maven-model:jar:2.0.6
[DEBUG]   Excluded: org.apache.maven:maven-monitor:jar:2.0.6
[DEBUG]   Excluded: org.codehaus.plexus:plexus-container-default:jar:1.0-alpha-9-stable-1
[DEBUG] Configuring mojo org.apache.maven.plugins:maven-resources-plugin:2.5:resources from plugin realm ClassRealm[plugin>org.apache.maven.plugins:maven-resources-plugin:2.5, parent: sun.misc.Launcher$AppClassLoader@3326b249]
[debug] execute contextualize
[DEBUG] Configuring mojo 'org.apache.maven.plugins:maven-resources-plugin:2.5:resources' with basic configurator -->
[DEBUG]   (f) buildFilters = []
[DEBUG]   (f) escapeWindowsPaths = true
[DEBUG]   (s) includeEmptyDirs = false
[DEBUG]   (s) outputDirectory = C:\Users\TCS\git\my-private-repo\webAppTmpl\webUi\target\classes
[DEBUG]   (s) overwrite = false
[DEBUG]   (f) project = MavenProject: in.v8delta.template.myWebAppTmpl.webUi:webUi:1.0 @ C:\Users\TCS\git\my-private-repo\webAppTmpl\webUi\pom.xml
[DEBUG]   (s) resources = [Resource {targetPath: null, filtering: false, FileSet {directory: C:\Users\TCS\git\my-private-repo\webAppTmpl\webUi\src\main\resources, PatternSet [includes: {}, excludes: {}]}}]
[DEBUG]   (f) session = org.apache.maven.execution.MavenSession@2a509df8
[DEBUG]   (f) supportMultiLineFiltering = false
[DEBUG]   (f) useBuildFilters = true
[DEBUG]   (s) useDefaultDelimiters = true
[DEBUG] -- end configuration --
[DEBUG] properties used {java.vendor=Sun Microsystems Inc., env.SYSTEMROOT=C:\Windows, mybatis.version=3.0.1, env.MOZ_PLUGIN_PATH=D:\Program Files (x86)\Foxit Software\Foxit Reader\plugins\, sun.java.launcher=SUN_STANDARD, sun.management.compiler=HotSpot 64-Bit Tiered Compilers, env.PROMPT=$P$G, os.name=Windows 7, env.FP_NO_HOST_CHECK=NO, sun.boot.class.path=E:\DEV_BOX\PROGRAMS\JAVA\6\JDK\jre\lib\resources.jar;E:\DEV_BOX\PROGRAMS\JAVA\6\JDK\jre\lib\rt.jar;E:\DEV_BOX\PROGRAMS\JAVA\6\JDK\jre\lib\sunrsasign.jar;E:\DEV_BOX\PROGRAMS\JAVA\6\JDK\jre\lib\jsse.jar;E:\DEV_BOX\PROGRAMS\JAVA\6\JDK\jre\lib\jce.jar;E:\DEV_BOX\PROGRAMS\JAVA\6\JDK\jre\lib\charsets.jar;E:\DEV_BOX\PROGRAMS\JAVA\6\JDK\jre\lib\modules\jdk.boot.jar;E:\DEV_BOX\PROGRAMS\JAVA\6\JDK\jre\classes, env.COMPUTERNAME=TCS-PC, env.ALLUSERSPROFILE=C:\ProgramData, web.version=1.0, sun.desktop=windows, java.vm.specification.vendor=Sun Microsystems Inc., java.runtime.version=1.6.0_45-b06, commons-fileupload.version=1.2.2, env.HOMEPATH=\Users\TCS, taglib.version=1.1.2, user.name=TCS, maven.build.version=Apache Maven 3.0.5 (r01de14724cdef164cd33c7c8c2fe155faf9602da; 2013-02-19 19:21:28+0530), models.version=1.0, commons-dbcp.version=1.4, env.WINDOWS_TRACING_FLAGS=3, env.PATH=E:\DEV_BOX\WORKERS\apache-ant-1.9.2\bin;E:\Ruby193\bin;E:\DEV_BOX\WORKERS\sencha_cmd\Sencha\Cmd\3.1.2.342;D:\Programs\oracle\client\11;C:\Program Files\Common Files\Microsoft Shared\Microsoft Online Services;C:\Program Files (x86)\Common Files\Microsoft Shared\Microsoft Online Services;C:\Program Files\Common Files\Microsoft Shared\Windows Live;C:\Program Files (x86)\Common Files\Microsoft Shared\Windows Live;C:\Program Files (x86)\Intel\iCLS Client\;C:\Program Files\Intel\iCLS Client\;C:\Windows\system32;C:\Windows;C:\Windows\System32\Wbem;C:\Windows\System32\WindowsPowerShell\v1.0\;C:\Program Files\Intel\Intel(R) Management Engine Components\DAL;C:\Program Files\Intel\Intel(R) Management Engine Components\IPT;C:\Program Files (x86)\Intel\Intel(R) Management Engine Components\DAL;C:\Program Files (x86)\Intel\Intel(R) Management Engine Components\IPT;C:\Program Files\Dell\Dell Data Protection\Access\Advanced\Wave\Gemalto\Access Client\v5\;C:\Program Files (x86)\Security Innovation\SI TSS\bin\;C:\Program Files (x86)\Windows Live\Shared;E:\DEV_BOX\PROGRAMS\Tortoise_svn\bin;E:\DEV_BOX\PLAY_GROUND\SHORTCUTS;E:\DEV_BOX\WORKERS\apache-maven-3.0.5\bin;E:\DEV_BOX\PROGRAMS\JAVA\6\JDK\bin;E:\DEV_BOX\PROGRAMS\JAVA\6\JRE\bin;, user.language=en, env.WINDIR=C:\Windows, sun.boot.library.path=E:\DEV_BOX\PROGRAMS\JAVA\6\JDK\jre\bin, classworlds.conf=E:\DEV_BOX\WORKERS\apache-maven-3.0.5\bin\m2.conf, java.version=1.6.0_45, env.PROCESSOR_IDENTIFIER=Intel64 Family 6 Model 58 Stepping 9, GenuineIntel, user.timezone=Asia/Calcutta, env.TEMP=C:\Users\TCS\AppData\Local\Temp, sun.arch.data.model=64, env.WINDOWS_TRACING_LOGFILE=C:\BVTBin\Tests\installpackage\csilogfile.log, java.endorsed.dirs=E:\DEV_BOX\PROGRAMS\JAVA\6\JDK\jre\lib\endorsed, env.JDK_HOME=E:\DEV_BOX\PROGRAMS\JAVA\6\JDK, sun.cpu.isalist=amd64, env.HOMEDRIVE=C:, sun.jnu.encoding=Cp1252, file.encoding.pkg=sun.io, env.CATALINA_OPTS=-Dmv.deploy.scenario=LOCAL, env.SYSTEMDRIVE=C:, file.separator=\, java.specification.name=Java Platform API Specification, java.class.version=50.0, user.country=IN, java.home=E:\DEV_BOX\PROGRAMS\JAVA\6\JDK\jre, env.APPDATA=C:\Users\TCS\AppData\Roaming, env.PUBLIC=C:\Users\Public, java.vm.info=mixed mode, env.CATALINA_HOME=E:\DEV_BOX\WORKERS\apache-tomcat-7.0.40, services.version=1.0, env.OS=Windows_NT, os.version=6.1, env.=::=::\, jspUtils.version=1.0, env.JAVA_OPTS=-Xms1024m -Xmx1024m -XX:NewSize=256m -XX:MaxNewSize=356m -XX:PermSize=256m -XX:MaxPermSize=356m, path.separator=;, java.vm.version=20.45-b01, jstl.version=1.2, servlet.version=3.0.1, env.USERPROFILE=C:\Users\TCS, user.variant=, env.JAVA_HOME=E:\DEV_BOX\PROGRAMS\JAVA\6\JDK, java.awt.printerjob=sun.awt.windows.WPrinterJob, env.TMP=C:\Users\TCS\AppData\Local\Temp, env.PROGRAMFILES=C:\Program Files, sun.io.unicode.encoding=UnicodeLittle, awt.toolkit=sun.awt.windows.WToolkit, env.DELLCLIENTSYSTEMUPDATEPATH=C:\Program Files (x86)\Dell\ClientSystemUpdate\, env.ENVIRONMENT=predev, spring-ibatis.version=2.0.8, user.home=C:\Users\TCS, env.COMMONPROGRAMFILES=C:\Program Files\Common Files, env.=EXITCODE=00000001, env.SESSIONNAME=Console, java.specification.vendor=Sun Microsystems Inc., env.M2_HOME=E:\DEV_BOX\WORKERS\apache-maven-3.0.5, env.NUMBER_OF_PROCESSORS=4, java.library.path=E:\DEV_BOX\PROGRAMS\JAVA\6\JDK\bin;C:\Windows\Sun\Java\bin;C:\Windows\system32;C:\Windows;E:\DEV_BOX\WORKERS\apache-ant-1.9.2\bin;E:\Ruby193\bin;E:\DEV_BOX\WORKERS\sencha_cmd\Sencha\Cmd\3.1.2.342;D:\Programs\oracle\client\11;C:\Program Files\Common Files\Microsoft Shared\Microsoft Online Services;C:\Program Files (x86)\Common Files\Microsoft Shared\Microsoft Online Services;C:\Program Files\Common Files\Microsoft Shared\Windows Live;C:\Program Files (x86)\Common Files\Microsoft Shared\Windows Live;C:\Program Files (x86)\Intel\iCLS Client\;C:\Program Files\Intel\iCLS Client\;C:\Windows\system32;C:\Windows;C:\Windows\System32\Wbem;C:\Windows\System32\WindowsPowerShell\v1.0\;C:\Program Files\Intel\Intel(R) Management Engine Components\DAL;C:\Program Files\Intel\Intel(R) Management Engine Components\IPT;C:\Program Files (x86)\Intel\Intel(R) Management Engine Components\DAL;C:\Program Files (x86)\Intel\Intel(R) Management Engine Components\IPT;C:\Program Files\Dell\Dell Data Protection\Access\Advanced\Wave\Gemalto\Access Client\v5\;C:\Program Files (x86)\Security Innovation\SI TSS\bin\;C:\Program Files (x86)\Windows Live\Shared;E:\DEV_BOX\PROGRAMS\Tortoise_svn\bin;E:\DEV_BOX\PLAY_GROUND\SHORTCUTS;E:\DEV_BOX\WORKERS\apache-maven-3.0.5\bin;E:\DEV_BOX\PROGRAMS\JAVA\6\JDK\bin;E:\DEV_BOX\PROGRAMS\JAVA\6\JRE\bin;;., java.vendor.url=http://java.sun.com/, env.COMMONPROGRAMFILES(X86)=C:\Program Files (x86)\Common Files, env.PSMODULEPATH=C:\Windows\system32\WindowsPowerShell\v1.0\Modules\, env.CLASSWORLDS_LAUNCHER=org.codehaus.plexus.classworlds.launcher.Launcher, env.MAVEN_CMD_LINE_ARGS=install -X, java.vm.vendor=Sun Microsystems Inc., maven.home=E:\DEV_BOX\WORKERS\apache-maven-3.0.5, java.runtime.name=Java(TM) SE Runtime Environment, sun.java.command=org.codehaus.plexus.classworlds.launcher.Launcher install -X, java.class.path=E:\DEV_BOX\WORKERS\apache-maven-3.0.5\boot\plexus-classworlds-2.4.jar, env.PROGRAMW6432=C:\Program Files, maven.version=3.0.5, env.SENCHA_CMD_3_0_0=E:\DEV_BOX\WORKERS\sencha_cmd/Sencha/Cmd/3.1.2.342, jdk.version=1.6, env.PROGRAMFILES(X86)=C:\Program Files (x86), env.MAVEN_JAVA_EXE="E:\DEV_BOX\PROGRAMS\JAVA\6\JDK\bin\java.exe", java.vm.specification.name=Java Virtual Machine Specification, env.LOGONSERVER=\\TCS-PC, java.vm.specification.version=1.0, env.PROCESSOR_ARCHITECTURE=AMD64, env.COMMONPROGRAMW6432=C:\Program Files\Common Files, sun.cpu.endian=little, sun.os.patch.level=Service Pack 1, env.HOME=C:\Users\TCS, env.ANT_HOME=E:\DEV_BOX\WORKERS\apache-ant-1.9.2, java.io.tmpdir=C:\Users\TCS\AppData\Local\Temp\, env.PROCESSOR_REVISION=3a09, env.VBOX_INSTALL_PATH=D:\Program Files\Oracle\VirtualBox\, commons-io.version=1.3.2, java.vendor.url.bug=http://java.sun.com/cgi-bin/bugreport.cgi, env.PROGRAMDATA=C:\ProgramData, env.COMSPEC=C:\Windows\system32\cmd.exe, os.arch=amd64, java.awt.graphicsenv=sun.awt.Win32GraphicsEnvironment, java.ext.dirs=E:\DEV_BOX\PROGRAMS\JAVA\6\JDK\jre\lib\ext;C:\Windows\Sun\Java\lib\ext, user.dir=C:\Users\TCS\git\my-private-repo\webAppTmpl\webUi, env.MAVEN_HOME=E:\DEV_BOX\WORKERS\apache-maven-3.0.5, env.LOCALAPPDATA=C:\Users\TCS\AppData\Local, env.JAVA_VER=6, log4j.version=1.2.15, line.separator=
, env.CLASSWORLDS_JAR="E:\DEV_BOX\WORKERS\apache-maven-3.0.5\boot\plexus-classworlds-2.4.jar", java.vm.name=Java HotSpot(TM) 64-Bit Server VM, env.PATHEXT=.COM;.EXE;.BAT;.CMD;.VBS;.VBE;.JS;.JSE;.WSF;.WSH;.MSC;.RB;.RBW, env.JRE_HOME=E:\DEV_BOX\PROGRAMS\JAVA\6\JRE, core.version=1.0, env.ERROR_CODE=0, jsp.version=2.2, env.USERNAME=TCS, spring.version=3.0.5.RELEASE, file.encoding=Cp1252, env.USERDOMAIN=TCS-PC, java.specification.version=1.6, env.=C:=C:\Users\TCS\git\my-private-repo\webAppTmpl\webUi, junit.version=4.11, env.PROCESSOR_LEVEL=6}
[WARNING] Using platform encoding (Cp1252 actually) to copy filtered resources, i.e. build is platform dependent!
[DEBUG] resource with targetPath null
directory C:\Users\TCS\git\my-private-repo\webAppTmpl\webUi\src\main\resources
excludes []
includes []
[INFO] skip non existing resourceDirectory C:\Users\TCS\git\my-private-repo\webAppTmpl\webUi\src\main\resources
[DEBUG] no use filter components
[INFO] 
[INFO] --- maven-compiler-plugin:2.3.2:compile (default-compile) @ webUi ---
[DEBUG] org.apache.maven.plugins:maven-compiler-plugin:jar:2.3.2:
[DEBUG]    org.apache.maven:maven-plugin-api:jar:2.0.6:compile
[DEBUG]    org.apache.maven:maven-artifact:jar:2.0.6:compile
[DEBUG]    org.apache.maven:maven-core:jar:2.0.6:compile
[DEBUG]       org.apache.maven:maven-settings:jar:2.0.6:compile
[DEBUG]       org.apache.maven:maven-plugin-parameter-documenter:jar:2.0.6:compile
[DEBUG]       org.apache.maven:maven-profile:jar:2.0.6:compile
[DEBUG]       org.apache.maven:maven-model:jar:2.0.6:compile
[DEBUG]       org.apache.maven:maven-repository-metadata:jar:2.0.6:compile
[DEBUG]       org.apache.maven:maven-error-diagnostics:jar:2.0.6:compile
[DEBUG]       org.apache.maven:maven-project:jar:2.0.6:compile
[DEBUG]          org.apache.maven:maven-plugin-registry:jar:2.0.6:compile
[DEBUG]       org.apache.maven:maven-plugin-descriptor:jar:2.0.6:compile
[DEBUG]       org.apache.maven:maven-artifact-manager:jar:2.0.6:compile
[DEBUG]       org.apache.maven:maven-monitor:jar:2.0.6:compile
[DEBUG]    org.apache.maven:maven-toolchain:jar:1.0:compile
[DEBUG]    org.codehaus.plexus:plexus-utils:jar:2.0.5:compile
[DEBUG]    org.codehaus.plexus:plexus-compiler-api:jar:1.8.1:compile
[DEBUG]    org.codehaus.plexus:plexus-compiler-manager:jar:1.8.1:compile
[DEBUG]    org.codehaus.plexus:plexus-compiler-javac:jar:1.8.1:runtime
[DEBUG] Created new class realm plugin>org.apache.maven.plugins:maven-compiler-plugin:2.3.2
[DEBUG] Importing foreign packages into class realm plugin>org.apache.maven.plugins:maven-compiler-plugin:2.3.2
[DEBUG]   Imported:  < maven.api
[DEBUG] Populating class realm plugin>org.apache.maven.plugins:maven-compiler-plugin:2.3.2
[DEBUG]   Included: org.apache.maven.plugins:maven-compiler-plugin:jar:2.3.2
[DEBUG]   Included: org.codehaus.plexus:plexus-utils:jar:2.0.5
[DEBUG]   Included: org.codehaus.plexus:plexus-compiler-api:jar:1.8.1
[DEBUG]   Included: org.codehaus.plexus:plexus-compiler-manager:jar:1.8.1
[DEBUG]   Included: org.codehaus.plexus:plexus-compiler-javac:jar:1.8.1
[DEBUG]   Excluded: org.apache.maven:maven-plugin-api:jar:2.0.6
[DEBUG]   Excluded: org.apache.maven:maven-artifact:jar:2.0.6
[DEBUG]   Excluded: org.apache.maven:maven-core:jar:2.0.6
[DEBUG]   Excluded: org.apache.maven:maven-settings:jar:2.0.6
[DEBUG]   Excluded: org.apache.maven:maven-plugin-parameter-documenter:jar:2.0.6
[DEBUG]   Excluded: org.apache.maven:maven-profile:jar:2.0.6
[DEBUG]   Excluded: org.apache.maven:maven-model:jar:2.0.6
[DEBUG]   Excluded: org.apache.maven:maven-repository-metadata:jar:2.0.6
[DEBUG]   Excluded: org.apache.maven:maven-error-diagnostics:jar:2.0.6
[DEBUG]   Excluded: org.apache.maven:maven-project:jar:2.0.6
[DEBUG]   Excluded: org.apache.maven:maven-plugin-registry:jar:2.0.6
[DEBUG]   Excluded: org.apache.maven:maven-plugin-descriptor:jar:2.0.6
[DEBUG]   Excluded: org.apache.maven:maven-artifact-manager:jar:2.0.6
[DEBUG]   Excluded: org.apache.maven:maven-monitor:jar:2.0.6
[DEBUG]   Excluded: org.apache.maven:maven-toolchain:jar:1.0
[DEBUG] Configuring mojo org.apache.maven.plugins:maven-compiler-plugin:2.3.2:compile from plugin realm ClassRealm[plugin>org.apache.maven.plugins:maven-compiler-plugin:2.3.2, parent: sun.misc.Launcher$AppClassLoader@3326b249]
[DEBUG] Configuring mojo 'org.apache.maven.plugins:maven-compiler-plugin:2.3.2:compile' with basic configurator -->
[DEBUG]   (f) basedir = C:\Users\TCS\git\my-private-repo\webAppTmpl\webUi
[DEBUG]   (f) buildDirectory = C:\Users\TCS\git\my-private-repo\webAppTmpl\webUi\target
[DEBUG]   (f) classpathElements = [C:\Users\TCS\git\my-private-repo\webAppTmpl\webUi\target\classes]
[DEBUG]   (f) compileSourceRoots = [C:\Users\TCS\git\my-private-repo\webAppTmpl\webUi\src\main\java]
[DEBUG]   (f) compilerId = javac
[DEBUG]   (f) debug = true
[DEBUG]   (f) failOnError = true
[DEBUG]   (f) fork = false
[DEBUG]   (f) generatedSourcesDirectory = C:\Users\TCS\git\my-private-repo\webAppTmpl\webUi\target\generated-sources\annotations
[DEBUG]   (f) optimize = false
[DEBUG]   (f) outputDirectory = C:\Users\TCS\git\my-private-repo\webAppTmpl\webUi\target\classes
[DEBUG]   (f) outputFileName = webUi-1.0
[DEBUG]   (f) projectArtifact = in.v8delta.template.myWebAppTmpl.webUi:webUi:jar:1.0
[DEBUG]   (f) session = org.apache.maven.execution.MavenSession@2a509df8
[DEBUG]   (f) showDeprecation = false
[DEBUG]   (f) showWarnings = false
[DEBUG]   (f) source = 1.5
[DEBUG]   (f) staleMillis = 0
[DEBUG]   (f) target = 1.5
[DEBUG]   (f) verbose = false
[DEBUG] -- end configuration --
[DEBUG] Using compiler 'javac'.
[INFO] No sources to compile
[INFO] 
[INFO] --- maven-resources-plugin:2.5:testResources (default-testResources) @ webUi ---
[DEBUG] Configuring mojo org.apache.maven.plugins:maven-resources-plugin:2.5:testResources from plugin realm ClassRealm[plugin>org.apache.maven.plugins:maven-resources-plugin:2.5, parent: sun.misc.Launcher$AppClassLoader@3326b249]
[debug] execute contextualize
[DEBUG] Configuring mojo 'org.apache.maven.plugins:maven-resources-plugin:2.5:testResources' with basic configurator -->
[DEBUG]   (f) buildFilters = []
[DEBUG]   (f) escapeWindowsPaths = true
[DEBUG]   (s) includeEmptyDirs = false
[DEBUG]   (s) outputDirectory = C:\Users\TCS\git\my-private-repo\webAppTmpl\webUi\target\test-classes
[DEBUG]   (s) overwrite = false
[DEBUG]   (f) project = MavenProject: in.v8delta.template.myWebAppTmpl.webUi:webUi:1.0 @ C:\Users\TCS\git\my-private-repo\webAppTmpl\webUi\pom.xml
[DEBUG]   (s) resources = [Resource {targetPath: null, filtering: false, FileSet {directory: C:\Users\TCS\git\my-private-repo\webAppTmpl\webUi\src\test\resources, PatternSet [includes: {}, excludes: {}]}}]
[DEBUG]   (f) session = org.apache.maven.execution.MavenSession@2a509df8
[DEBUG]   (f) supportMultiLineFiltering = false
[DEBUG]   (f) useBuildFilters = true
[DEBUG]   (s) useDefaultDelimiters = true
[DEBUG] -- end configuration --
[DEBUG] properties used {java.vendor=Sun Microsystems Inc., env.SYSTEMROOT=C:\Windows, mybatis.version=3.0.1, env.MOZ_PLUGIN_PATH=D:\Program Files (x86)\Foxit Software\Foxit Reader\plugins\, sun.java.launcher=SUN_STANDARD, sun.management.compiler=HotSpot 64-Bit Tiered Compilers, env.PROMPT=$P$G, os.name=Windows 7, env.FP_NO_HOST_CHECK=NO, sun.boot.class.path=E:\DEV_BOX\PROGRAMS\JAVA\6\JDK\jre\lib\resources.jar;E:\DEV_BOX\PROGRAMS\JAVA\6\JDK\jre\lib\rt.jar;E:\DEV_BOX\PROGRAMS\JAVA\6\JDK\jre\lib\sunrsasign.jar;E:\DEV_BOX\PROGRAMS\JAVA\6\JDK\jre\lib\jsse.jar;E:\DEV_BOX\PROGRAMS\JAVA\6\JDK\jre\lib\jce.jar;E:\DEV_BOX\PROGRAMS\JAVA\6\JDK\jre\lib\charsets.jar;E:\DEV_BOX\PROGRAMS\JAVA\6\JDK\jre\lib\modules\jdk.boot.jar;E:\DEV_BOX\PROGRAMS\JAVA\6\JDK\jre\classes, env.COMPUTERNAME=TCS-PC, env.ALLUSERSPROFILE=C:\ProgramData, web.version=1.0, sun.desktop=windows, java.vm.specification.vendor=Sun Microsystems Inc., java.runtime.version=1.6.0_45-b06, commons-fileupload.version=1.2.2, env.HOMEPATH=\Users\TCS, taglib.version=1.1.2, user.name=TCS, maven.build.version=Apache Maven 3.0.5 (r01de14724cdef164cd33c7c8c2fe155faf9602da; 2013-02-19 19:21:28+0530), models.version=1.0, commons-dbcp.version=1.4, env.WINDOWS_TRACING_FLAGS=3, env.PATH=E:\DEV_BOX\WORKERS\apache-ant-1.9.2\bin;E:\Ruby193\bin;E:\DEV_BOX\WORKERS\sencha_cmd\Sencha\Cmd\3.1.2.342;D:\Programs\oracle\client\11;C:\Program Files\Common Files\Microsoft Shared\Microsoft Online Services;C:\Program Files (x86)\Common Files\Microsoft Shared\Microsoft Online Services;C:\Program Files\Common Files\Microsoft Shared\Windows Live;C:\Program Files (x86)\Common Files\Microsoft Shared\Windows Live;C:\Program Files (x86)\Intel\iCLS Client\;C:\Program Files\Intel\iCLS Client\;C:\Windows\system32;C:\Windows;C:\Windows\System32\Wbem;C:\Windows\System32\WindowsPowerShell\v1.0\;C:\Program Files\Intel\Intel(R) Management Engine Components\DAL;C:\Program Files\Intel\Intel(R) Management Engine Components\IPT;C:\Program Files (x86)\Intel\Intel(R) Management Engine Components\DAL;C:\Program Files (x86)\Intel\Intel(R) Management Engine Components\IPT;C:\Program Files\Dell\Dell Data Protection\Access\Advanced\Wave\Gemalto\Access Client\v5\;C:\Program Files (x86)\Security Innovation\SI TSS\bin\;C:\Program Files (x86)\Windows Live\Shared;E:\DEV_BOX\PROGRAMS\Tortoise_svn\bin;E:\DEV_BOX\PLAY_GROUND\SHORTCUTS;E:\DEV_BOX\WORKERS\apache-maven-3.0.5\bin;E:\DEV_BOX\PROGRAMS\JAVA\6\JDK\bin;E:\DEV_BOX\PROGRAMS\JAVA\6\JRE\bin;, user.language=en, env.WINDIR=C:\Windows, sun.boot.library.path=E:\DEV_BOX\PROGRAMS\JAVA\6\JDK\jre\bin, classworlds.conf=E:\DEV_BOX\WORKERS\apache-maven-3.0.5\bin\m2.conf, java.version=1.6.0_45, env.PROCESSOR_IDENTIFIER=Intel64 Family 6 Model 58 Stepping 9, GenuineIntel, user.timezone=Asia/Calcutta, env.TEMP=C:\Users\TCS\AppData\Local\Temp, sun.arch.data.model=64, env.WINDOWS_TRACING_LOGFILE=C:\BVTBin\Tests\installpackage\csilogfile.log, java.endorsed.dirs=E:\DEV_BOX\PROGRAMS\JAVA\6\JDK\jre\lib\endorsed, env.JDK_HOME=E:\DEV_BOX\PROGRAMS\JAVA\6\JDK, sun.cpu.isalist=amd64, env.HOMEDRIVE=C:, sun.jnu.encoding=Cp1252, file.encoding.pkg=sun.io, env.CATALINA_OPTS=-Dmv.deploy.scenario=LOCAL, env.SYSTEMDRIVE=C:, file.separator=\, java.specification.name=Java Platform API Specification, java.class.version=50.0, user.country=IN, java.home=E:\DEV_BOX\PROGRAMS\JAVA\6\JDK\jre, env.APPDATA=C:\Users\TCS\AppData\Roaming, env.PUBLIC=C:\Users\Public, java.vm.info=mixed mode, env.CATALINA_HOME=E:\DEV_BOX\WORKERS\apache-tomcat-7.0.40, services.version=1.0, env.OS=Windows_NT, os.version=6.1, env.=::=::\, jspUtils.version=1.0, env.JAVA_OPTS=-Xms1024m -Xmx1024m -XX:NewSize=256m -XX:MaxNewSize=356m -XX:PermSize=256m -XX:MaxPermSize=356m, path.separator=;, java.vm.version=20.45-b01, jstl.version=1.2, servlet.version=3.0.1, env.USERPROFILE=C:\Users\TCS, user.variant=, env.JAVA_HOME=E:\DEV_BOX\PROGRAMS\JAVA\6\JDK, java.awt.printerjob=sun.awt.windows.WPrinterJob, env.TMP=C:\Users\TCS\AppData\Local\Temp, env.PROGRAMFILES=C:\Program Files, sun.io.unicode.encoding=UnicodeLittle, awt.toolkit=sun.awt.windows.WToolkit, env.DELLCLIENTSYSTEMUPDATEPATH=C:\Program Files (x86)\Dell\ClientSystemUpdate\, env.ENVIRONMENT=predev, spring-ibatis.version=2.0.8, user.home=C:\Users\TCS, env.COMMONPROGRAMFILES=C:\Program Files\Common Files, env.=EXITCODE=00000001, env.SESSIONNAME=Console, java.specification.vendor=Sun Microsystems Inc., env.M2_HOME=E:\DEV_BOX\WORKERS\apache-maven-3.0.5, env.NUMBER_OF_PROCESSORS=4, java.library.path=E:\DEV_BOX\PROGRAMS\JAVA\6\JDK\bin;C:\Windows\Sun\Java\bin;C:\Windows\system32;C:\Windows;E:\DEV_BOX\WORKERS\apache-ant-1.9.2\bin;E:\Ruby193\bin;E:\DEV_BOX\WORKERS\sencha_cmd\Sencha\Cmd\3.1.2.342;D:\Programs\oracle\client\11;C:\Program Files\Common Files\Microsoft Shared\Microsoft Online Services;C:\Program Files (x86)\Common Files\Microsoft Shared\Microsoft Online Services;C:\Program Files\Common Files\Microsoft Shared\Windows Live;C:\Program Files (x86)\Common Files\Microsoft Shared\Windows Live;C:\Program Files (x86)\Intel\iCLS Client\;C:\Program Files\Intel\iCLS Client\;C:\Windows\system32;C:\Windows;C:\Windows\System32\Wbem;C:\Windows\System32\WindowsPowerShell\v1.0\;C:\Program Files\Intel\Intel(R) Management Engine Components\DAL;C:\Program Files\Intel\Intel(R) Management Engine Components\IPT;C:\Program Files (x86)\Intel\Intel(R) Management Engine Components\DAL;C:\Program Files (x86)\Intel\Intel(R) Management Engine Components\IPT;C:\Program Files\Dell\Dell Data Protection\Access\Advanced\Wave\Gemalto\Access Client\v5\;C:\Program Files (x86)\Security Innovation\SI TSS\bin\;C:\Program Files (x86)\Windows Live\Shared;E:\DEV_BOX\PROGRAMS\Tortoise_svn\bin;E:\DEV_BOX\PLAY_GROUND\SHORTCUTS;E:\DEV_BOX\WORKERS\apache-maven-3.0.5\bin;E:\DEV_BOX\PROGRAMS\JAVA\6\JDK\bin;E:\DEV_BOX\PROGRAMS\JAVA\6\JRE\bin;;., java.vendor.url=http://java.sun.com/, env.COMMONPROGRAMFILES(X86)=C:\Program Files (x86)\Common Files, env.PSMODULEPATH=C:\Windows\system32\WindowsPowerShell\v1.0\Modules\, env.CLASSWORLDS_LAUNCHER=org.codehaus.plexus.classworlds.launcher.Launcher, env.MAVEN_CMD_LINE_ARGS=install -X, java.vm.vendor=Sun Microsystems Inc., maven.home=E:\DEV_BOX\WORKERS\apache-maven-3.0.5, java.runtime.name=Java(TM) SE Runtime Environment, sun.java.command=org.codehaus.plexus.classworlds.launcher.Launcher install -X, java.class.path=E:\DEV_BOX\WORKERS\apache-maven-3.0.5\boot\plexus-classworlds-2.4.jar, env.PROGRAMW6432=C:\Program Files, maven.version=3.0.5, env.SENCHA_CMD_3_0_0=E:\DEV_BOX\WORKERS\sencha_cmd/Sencha/Cmd/3.1.2.342, jdk.version=1.6, env.PROGRAMFILES(X86)=C:\Program Files (x86), env.MAVEN_JAVA_EXE="E:\DEV_BOX\PROGRAMS\JAVA\6\JDK\bin\java.exe", java.vm.specification.name=Java Virtual Machine Specification, env.LOGONSERVER=\\TCS-PC, java.vm.specification.version=1.0, env.PROCESSOR_ARCHITECTURE=AMD64, env.COMMONPROGRAMW6432=C:\Program Files\Common Files, sun.cpu.endian=little, sun.os.patch.level=Service Pack 1, env.HOME=C:\Users\TCS, env.ANT_HOME=E:\DEV_BOX\WORKERS\apache-ant-1.9.2, java.io.tmpdir=C:\Users\TCS\AppData\Local\Temp\, env.PROCESSOR_REVISION=3a09, env.VBOX_INSTALL_PATH=D:\Program Files\Oracle\VirtualBox\, commons-io.version=1.3.2, java.vendor.url.bug=http://java.sun.com/cgi-bin/bugreport.cgi, env.PROGRAMDATA=C:\ProgramData, env.COMSPEC=C:\Windows\system32\cmd.exe, os.arch=amd64, java.awt.graphicsenv=sun.awt.Win32GraphicsEnvironment, java.ext.dirs=E:\DEV_BOX\PROGRAMS\JAVA\6\JDK\jre\lib\ext;C:\Windows\Sun\Java\lib\ext, user.dir=C:\Users\TCS\git\my-private-repo\webAppTmpl\webUi, env.MAVEN_HOME=E:\DEV_BOX\WORKERS\apache-maven-3.0.5, env.LOCALAPPDATA=C:\Users\TCS\AppData\Local, env.JAVA_VER=6, log4j.version=1.2.15, line.separator=
, env.CLASSWORLDS_JAR="E:\DEV_BOX\WORKERS\apache-maven-3.0.5\boot\plexus-classworlds-2.4.jar", java.vm.name=Java HotSpot(TM) 64-Bit Server VM, env.PATHEXT=.COM;.EXE;.BAT;.CMD;.VBS;.VBE;.JS;.JSE;.WSF;.WSH;.MSC;.RB;.RBW, env.JRE_HOME=E:\DEV_BOX\PROGRAMS\JAVA\6\JRE, core.version=1.0, env.ERROR_CODE=0, jsp.version=2.2, env.USERNAME=TCS, spring.version=3.0.5.RELEASE, file.encoding=Cp1252, env.USERDOMAIN=TCS-PC, java.specification.version=1.6, env.=C:=C:\Users\TCS\git\my-private-repo\webAppTmpl\webUi, junit.version=4.11, env.PROCESSOR_LEVEL=6}
[WARNING] Using platform encoding (Cp1252 actually) to copy filtered resources, i.e. build is platform dependent!
[DEBUG] resource with targetPath null
directory C:\Users\TCS\git\my-private-repo\webAppTmpl\webUi\src\test\resources
excludes []
includes []
[INFO] skip non existing resourceDirectory C:\Users\TCS\git\my-private-repo\webAppTmpl\webUi\src\test\resources
[DEBUG] no use filter components
[INFO] 
[INFO] --- maven-compiler-plugin:2.3.2:testCompile (default-testCompile) @ webUi ---
[DEBUG] Configuring mojo org.apache.maven.plugins:maven-compiler-plugin:2.3.2:testCompile from plugin realm ClassRealm[plugin>org.apache.maven.plugins:maven-compiler-plugin:2.3.2, parent: sun.misc.Launcher$AppClassLoader@3326b249]
[DEBUG] Configuring mojo 'org.apache.maven.plugins:maven-compiler-plugin:2.3.2:testCompile' with basic configurator -->
[DEBUG]   (f) basedir = C:\Users\TCS\git\my-private-repo\webAppTmpl\webUi
[DEBUG]   (f) buildDirectory = C:\Users\TCS\git\my-private-repo\webAppTmpl\webUi\target
[DEBUG]   (f) classpathElements = [C:\Users\TCS\git\my-private-repo\webAppTmpl\webUi\target\test-classes, C:\Users\TCS\git\my-private-repo\webAppTmpl\webUi\target\classes]
[DEBUG]   (f) compileSourceRoots = [C:\Users\TCS\git\my-private-repo\webAppTmpl\webUi\src\test\java]
[DEBUG]   (f) compilerId = javac
[DEBUG]   (f) debug = true
[DEBUG]   (f) failOnError = true
[DEBUG]   (f) fork = false
[DEBUG]   (f) generatedTestSourcesDirectory = C:\Users\TCS\git\my-private-repo\webAppTmpl\webUi\target\generated-sources\test-annotations
[DEBUG]   (f) optimize = false
[DEBUG]   (f) outputDirectory = C:\Users\TCS\git\my-private-repo\webAppTmpl\webUi\target\test-classes
[DEBUG]   (f) outputFileName = webUi-1.0
[DEBUG]   (f) session = org.apache.maven.execution.MavenSession@2a509df8
[DEBUG]   (f) showDeprecation = false
[DEBUG]   (f) showWarnings = false
[DEBUG]   (f) source = 1.5
[DEBUG]   (f) staleMillis = 0
[DEBUG]   (f) target = 1.5
[DEBUG]   (f) verbose = false
[DEBUG] -- end configuration --
[DEBUG] Using compiler 'javac'.
[INFO] No sources to compile
[INFO] 
[INFO] --- maven-surefire-plugin:2.10:test (default-test) @ webUi ---
[DEBUG] org.apache.maven.plugins:maven-surefire-plugin:jar:2.10:
[DEBUG]    org.apache.maven:maven-plugin-api:jar:2.0.9:compile
[DEBUG]    org.apache.maven.surefire:surefire-booter:jar:2.10:compile
[DEBUG]       org.apache.maven.surefire:surefire-api:jar:2.10:compile
[DEBUG]    org.apache.maven.surefire:maven-surefire-common:jar:2.10:compile
[DEBUG]       org.apache.maven.shared:maven-common-artifact-filters:jar:1.3:compile
[DEBUG]    org.codehaus.plexus:plexus-utils:jar:2.1:compile
[DEBUG]    org.apache.maven:maven-artifact:jar:2.0.9:compile
[DEBUG]    org.apache.maven:maven-project:jar:2.0.9:compile
[DEBUG]       org.apache.maven:maven-settings:jar:2.0.9:compile
[DEBUG]       org.apache.maven:maven-profile:jar:2.0.9:compile
[DEBUG]       org.apache.maven:maven-model:jar:2.0.9:compile
[DEBUG]       org.apache.maven:maven-artifact-manager:jar:2.0.9:compile
[DEBUG]       org.apache.maven:maven-plugin-registry:jar:2.0.9:compile
[DEBUG]       org.codehaus.plexus:plexus-container-default:jar:1.0-alpha-9-stable-1:compile
[DEBUG]          junit:junit:jar:3.8.1:test (scope managed from compile)
[DEBUG]    org.apache.maven:maven-core:jar:2.0.9:compile
[DEBUG]       org.apache.maven:maven-plugin-parameter-documenter:jar:2.0.9:compile
[DEBUG]       org.apache.maven.reporting:maven-reporting-api:jar:2.0.9:compile
[DEBUG]       org.apache.maven:maven-repository-metadata:jar:2.0.9:compile
[DEBUG]       org.apache.maven:maven-error-diagnostics:jar:2.0.9:compile
[DEBUG]       org.apache.maven:maven-plugin-descriptor:jar:2.0.9:compile
[DEBUG]       org.apache.maven:maven-monitor:jar:2.0.9:compile
[DEBUG]       classworlds:classworlds:jar:1.1:compile
[DEBUG]    org.apache.maven:maven-toolchain:jar:2.0.9:compile
[DEBUG] Created new class realm plugin>org.apache.maven.plugins:maven-surefire-plugin:2.10
[DEBUG] Importing foreign packages into class realm plugin>org.apache.maven.plugins:maven-surefire-plugin:2.10
[DEBUG]   Imported:  < maven.api
[DEBUG] Populating class realm plugin>org.apache.maven.plugins:maven-surefire-plugin:2.10
[DEBUG]   Included: org.apache.maven.plugins:maven-surefire-plugin:jar:2.10
[DEBUG]   Included: org.apache.maven.surefire:surefire-booter:jar:2.10
[DEBUG]   Included: org.apache.maven.surefire:surefire-api:jar:2.10
[DEBUG]   Included: org.apache.maven.surefire:maven-surefire-common:jar:2.10
[DEBUG]   Included: org.apache.maven.shared:maven-common-artifact-filters:jar:1.3
[DEBUG]   Included: org.codehaus.plexus:plexus-utils:jar:2.1
[DEBUG]   Included: org.apache.maven.reporting:maven-reporting-api:jar:2.0.9
[DEBUG]   Excluded: org.apache.maven:maven-plugin-api:jar:2.0.9
[DEBUG]   Excluded: org.apache.maven:maven-artifact:jar:2.0.9
[DEBUG]   Excluded: org.apache.maven:maven-project:jar:2.0.9
[DEBUG]   Excluded: org.apache.maven:maven-settings:jar:2.0.9
[DEBUG]   Excluded: org.apache.maven:maven-profile:jar:2.0.9
[DEBUG]   Excluded: org.apache.maven:maven-model:jar:2.0.9
[DEBUG]   Excluded: org.apache.maven:maven-artifact-manager:jar:2.0.9
[DEBUG]   Excluded: org.apache.maven:maven-plugin-registry:jar:2.0.9
[DEBUG]   Excluded: org.codehaus.plexus:plexus-container-default:jar:1.0-alpha-9-stable-1
[DEBUG]   Excluded: junit:junit:jar:3.8.1
[DEBUG]   Excluded: org.apache.maven:maven-core:jar:2.0.9
[DEBUG]   Excluded: org.apache.maven:maven-plugin-parameter-documenter:jar:2.0.9
[DEBUG]   Excluded: org.apache.maven:maven-repository-metadata:jar:2.0.9
[DEBUG]   Excluded: org.apache.maven:maven-error-diagnostics:jar:2.0.9
[DEBUG]   Excluded: org.apache.maven:maven-plugin-descriptor:jar:2.0.9
[DEBUG]   Excluded: org.apache.maven:maven-monitor:jar:2.0.9
[DEBUG]   Excluded: classworlds:classworlds:jar:1.1
[DEBUG]   Excluded: org.apache.maven:maven-toolchain:jar:2.0.9
[DEBUG] Configuring mojo org.apache.maven.plugins:maven-surefire-plugin:2.10:test from plugin realm ClassRealm[plugin>org.apache.maven.plugins:maven-surefire-plugin:2.10, parent: sun.misc.Launcher$AppClassLoader@3326b249]
[DEBUG] Configuring mojo 'org.apache.maven.plugins:maven-surefire-plugin:2.10:test' with basic configurator -->
[DEBUG]   (s) basedir = C:\Users\TCS\git\my-private-repo\webAppTmpl\webUi
[DEBUG]   (s) childDelegation = false
[DEBUG]   (s) classesDirectory = C:\Users\TCS\git\my-private-repo\webAppTmpl\webUi\target\classes
[DEBUG]   (s) disableXmlReport = false
[DEBUG]   (s) enableAssertions = true
[DEBUG]   (s) forkMode = once
[DEBUG]   (s) junitArtifactName = junit:junit
[DEBUG]   (s) localRepository =        id: local
      url: file:///C:/Users/TCS/.m2/repository/
   layout: none

[DEBUG]   (f) parallelMavenExecution = false
[DEBUG]   (s) perCoreThreadCount = true
[DEBUG]   (s) pluginArtifactMap = {org.apache.maven.plugins:maven-surefire-plugin=org.apache.maven.plugins:maven-surefire-plugin:maven-plugin:2.10:, org.apache.maven.surefire:surefire-booter=org.apache.maven.surefire:surefire-booter:jar:2.10:compile, org.apache.maven.surefire:surefire-api=org.apache.maven.surefire:surefire-api:jar:2.10:compile, org.apache.maven.surefire:maven-surefire-common=org.apache.maven.surefire:maven-surefire-common:jar:2.10:compile, org.apache.maven.shared:maven-common-artifact-filters=org.apache.maven.shared:maven-common-artifact-filters:jar:1.3:compile, org.codehaus.plexus:plexus-utils=org.codehaus.plexus:plexus-utils:jar:2.1:compile, org.apache.maven.reporting:maven-reporting-api=org.apache.maven.reporting:maven-reporting-api:jar:2.0.9:compile}
[DEBUG]   (s) printSummary = true
[DEBUG]   (s) project = MavenProject: in.v8delta.template.myWebAppTmpl.webUi:webUi:1.0 @ C:\Users\TCS\git\my-private-repo\webAppTmpl\webUi\pom.xml
[DEBUG]   (s) projectArtifactMap = {}
[DEBUG]   (s) redirectTestOutputToFile = false
[DEBUG]   (s) remoteRepositories = [       id: central
      url: http://repo.maven.apache.org/maven2
   layout: default
snapshots: [enabled => false, update => daily]
 releases: [enabled => true, update => never]
]
[DEBUG]   (s) reportFormat = brief
[DEBUG]   (s) reportsDirectory = C:\Users\TCS\git\my-private-repo\webAppTmpl\webUi\target\surefire-reports
[DEBUG]   (s) runOrder = filesystem
[DEBUG]   (s) session = org.apache.maven.execution.MavenSession@2a509df8
[DEBUG]   (s) skip = false
[DEBUG]   (s) skipTests = false
[DEBUG]   (s) testClassesDirectory = C:\Users\TCS\git\my-private-repo\webAppTmpl\webUi\target\test-classes
[DEBUG]   (s) testFailureIgnore = false
[DEBUG]   (s) testNGArtifactName = org.testng:testng
[DEBUG]   (s) testSourceDirectory = C:\Users\TCS\git\my-private-repo\webAppTmpl\webUi\src\test\java
[DEBUG]   (s) trimStackTrace = true
[DEBUG]   (s) useFile = true
[DEBUG]   (s) useManifestOnlyJar = true
[DEBUG]   (s) useSystemClassLoader = true
[DEBUG]   (s) useUnlimitedThreads = false
[DEBUG]   (s) workingDirectory = C:\Users\TCS\git\my-private-repo\webAppTmpl\webUi
[DEBUG] -- end configuration --
[INFO] No tests to run.
[INFO] Surefire report directory: C:\Users\TCS\git\my-private-repo\webAppTmpl\webUi\target\surefire-reports
[DEBUG] dummy:dummy:jar:1.0 (selected for null)
[DEBUG]   org.apache.maven.surefire:surefire-booter:jar:2.10:compile (selected for compile)
[DEBUG]     org.apache.maven.surefire:surefire-api:jar:2.10:compile (selected for compile)
[DEBUG] Adding to surefire booter test classpath: C:\Users\TCS\.m2\repository\org\apache\maven\surefire\surefire-booter\2.10\surefire-booter-2.10.jar Scope: compile
[DEBUG] Adding to surefire booter test classpath: C:\Users\TCS\.m2\repository\org\apache\maven\surefire\surefire-api\2.10\surefire-api-2.10.jar Scope: compile
[DEBUG] Setting system property [user.dir]=[C:\Users\TCS\git\my-private-repo\webAppTmpl\webUi]
[DEBUG] Setting system property [localRepository]=[C:\Users\TCS\.m2\repository]
[DEBUG] Setting system property [basedir]=[C:\Users\TCS\git\my-private-repo\webAppTmpl\webUi]
[DEBUG] Using JVM: E:\DEV_BOX\PROGRAMS\JAVA\6\JDK\jre\bin\java
[DEBUG] dummy:dummy:jar:1.0 (selected for null)
[DEBUG]   org.apache.maven.surefire:surefire-junit3:jar:2.10:test (selected for test)
[DEBUG]     org.apache.maven.surefire:surefire-api:jar:2.10:test (selected for test)
[DEBUG] Adding to surefire test classpath: C:\Users\TCS\.m2\repository\org\apache\maven\surefire\surefire-junit3\2.10\surefire-junit3-2.10.jar Scope: test
[DEBUG] Adding to surefire test classpath: C:\Users\TCS\.m2\repository\org\apache\maven\surefire\surefire-api\2.10\surefire-api-2.10.jar Scope: test
[DEBUG] test classpath classpath:
[DEBUG]   C:\Users\TCS\git\my-private-repo\webAppTmpl\webUi\target\test-classes
[DEBUG]   C:\Users\TCS\git\my-private-repo\webAppTmpl\webUi\target\classes
[DEBUG] provider classpath classpath:
[DEBUG]   C:\Users\TCS\.m2\repository\org\apache\maven\surefire\surefire-junit3\2.10\surefire-junit3-2.10.jar
[DEBUG]   C:\Users\TCS\.m2\repository\org\apache\maven\surefire\surefire-api\2.10\surefire-api-2.10.jar

-------------------------------------------------------
 T E S T S
-------------------------------------------------------
Forking command line: cmd.exe /X /C "E:\DEV_BOX\PROGRAMS\JAVA\6\JDK\jre\bin\java -jar C:\Users\TCS\git\my-private-repo\webAppTmpl\webUi\target\surefire\surefirebooter7520592695314169899.jar C:\Users\TCS\git\my-private-repo\webAppTmpl\webUi\target\surefire\surefire6468164723707630293tmp C:\Users\TCS\git\my-private-repo\webAppTmpl\webUi\target\surefire\surefire7710328019326642797tmp"

Results :

Tests run: 0, Failures: 0, Errors: 0, Skipped: 0

[INFO] 
[INFO] --- maven-jar-plugin:2.3.2:jar (default-jar) @ webUi ---
[DEBUG] org.apache.maven.plugins:maven-jar-plugin:jar:2.3.2:
[DEBUG]    org.apache.maven:maven-plugin-api:jar:2.0.6:compile
[DEBUG]    org.apache.maven:maven-project:jar:2.0.6:compile
[DEBUG]       org.apache.maven:maven-settings:jar:2.0.6:compile
[DEBUG]       org.apache.maven:maven-profile:jar:2.0.6:compile
[DEBUG]       org.apache.maven:maven-artifact-manager:jar:2.0.6:compile
[DEBUG]          org.apache.maven:maven-repository-metadata:jar:2.0.6:compile
[DEBUG]       org.apache.maven:maven-plugin-registry:jar:2.0.6:compile
[DEBUG]       org.codehaus.plexus:plexus-container-default:jar:1.0-alpha-9-stable-1:compile
[DEBUG]          junit:junit:jar:3.8.1:compile
[DEBUG]          classworlds:classworlds:jar:1.1-alpha-2:compile
[DEBUG]    org.apache.maven:maven-model:jar:2.0.6:runtime
[DEBUG]    org.apache.maven:maven-artifact:jar:2.0.6:compile
[DEBUG]    org.apache.maven:maven-archiver:jar:2.4.2:compile
[DEBUG]       org.codehaus.plexus:plexus-interpolation:jar:1.13:compile
[DEBUG]    org.codehaus.plexus:plexus-archiver:jar:2.0.1:compile
[DEBUG]       org.codehaus.plexus:plexus-io:jar:2.0.1:compile
[DEBUG]    commons-lang:commons-lang:jar:2.1:compile
[DEBUG]    org.codehaus.plexus:plexus-utils:jar:3.0:compile
[DEBUG] Created new class realm plugin>org.apache.maven.plugins:maven-jar-plugin:2.3.2
[DEBUG] Importing foreign packages into class realm plugin>org.apache.maven.plugins:maven-jar-plugin:2.3.2
[DEBUG]   Imported:  < maven.api
[DEBUG] Populating class realm plugin>org.apache.maven.plugins:maven-jar-plugin:2.3.2
[DEBUG]   Included: org.apache.maven.plugins:maven-jar-plugin:jar:2.3.2
[DEBUG]   Included: junit:junit:jar:3.8.1
[DEBUG]   Included: org.apache.maven:maven-archiver:jar:2.4.2
[DEBUG]   Included: org.codehaus.plexus:plexus-interpolation:jar:1.13
[DEBUG]   Included: org.codehaus.plexus:plexus-archiver:jar:2.0.1
[DEBUG]   Included: org.codehaus.plexus:plexus-io:jar:2.0.1
[DEBUG]   Included: commons-lang:commons-lang:jar:2.1
[DEBUG]   Included: org.codehaus.plexus:plexus-utils:jar:3.0
[DEBUG]   Excluded: org.apache.maven:maven-plugin-api:jar:2.0.6
[DEBUG]   Excluded: org.apache.maven:maven-project:jar:2.0.6
[DEBUG]   Excluded: org.apache.maven:maven-settings:jar:2.0.6
[DEBUG]   Excluded: org.apache.maven:maven-profile:jar:2.0.6
[DEBUG]   Excluded: org.apache.maven:maven-artifact-manager:jar:2.0.6
[DEBUG]   Excluded: org.apache.maven:maven-repository-metadata:jar:2.0.6
[DEBUG]   Excluded: org.apache.maven:maven-plugin-registry:jar:2.0.6
[DEBUG]   Excluded: org.codehaus.plexus:plexus-container-default:jar:1.0-alpha-9-stable-1
[DEBUG]   Excluded: classworlds:classworlds:jar:1.1-alpha-2
[DEBUG]   Excluded: org.apache.maven:maven-model:jar:2.0.6
[DEBUG]   Excluded: org.apache.maven:maven-artifact:jar:2.0.6
[DEBUG] Configuring mojo org.apache.maven.plugins:maven-jar-plugin:2.3.2:jar from plugin realm ClassRealm[plugin>org.apache.maven.plugins:maven-jar-plugin:2.3.2, parent: sun.misc.Launcher$AppClassLoader@3326b249]
[DEBUG] Configuring mojo 'org.apache.maven.plugins:maven-jar-plugin:2.3.2:jar' with basic configurator -->
[DEBUG]   (f) classesDirectory = C:\Users\TCS\git\my-private-repo\webAppTmpl\webUi\target\classes
[DEBUG]   (f) defaultManifestFile = C:\Users\TCS\git\my-private-repo\webAppTmpl\webUi\target\classes\META-INF\MANIFEST.MF
[DEBUG]   (f) finalName = webUi-1.0
[DEBUG]   (f) forceCreation = false
[DEBUG]   (f) outputDirectory = C:\Users\TCS\git\my-private-repo\webAppTmpl\webUi\target
[DEBUG]   (f) project = MavenProject: in.v8delta.template.myWebAppTmpl.webUi:webUi:1.0 @ C:\Users\TCS\git\my-private-repo\webAppTmpl\webUi\pom.xml
[DEBUG]   (f) useDefaultManifestFile = false
[DEBUG] -- end configuration --
[WARNING] JAR will be empty - no content was marked for inclusion!
[DEBUG] isUp2date: true
[DEBUG] Archive C:\Users\TCS\git\my-private-repo\webAppTmpl\webUi\target\webUi-1.0.jar is uptodate.
[INFO] 
[INFO] --- maven-install-plugin:2.3.1:install (default-install) @ webUi ---
[DEBUG] org.apache.maven.plugins:maven-install-plugin:jar:2.3.1:
[DEBUG]    org.apache.maven:maven-plugin-api:jar:2.0.6:compile
[DEBUG]    org.apache.maven:maven-project:jar:2.0.6:compile
[DEBUG]       org.apache.maven:maven-settings:jar:2.0.6:compile
[DEBUG]       org.apache.maven:maven-profile:jar:2.0.6:compile
[DEBUG]       org.apache.maven:maven-plugin-registry:jar:2.0.6:compile
[DEBUG]       org.codehaus.plexus:plexus-container-default:jar:1.0-alpha-9-stable-1:compile
[DEBUG]          junit:junit:jar:3.8.1:compile
[DEBUG]          classworlds:classworlds:jar:1.1-alpha-2:compile
[DEBUG]    org.apache.maven:maven-model:jar:2.0.6:compile
[DEBUG]    org.apache.maven:maven-artifact-manager:jar:2.0.6:compile
[DEBUG]       org.apache.maven:maven-repository-metadata:jar:2.0.6:compile
[DEBUG]    org.apache.maven:maven-artifact:jar:2.0.6:compile
[DEBUG]    org.codehaus.plexus:plexus-utils:jar:2.0.5:compile
[DEBUG]    org.codehaus.plexus:plexus-digest:jar:1.0:compile
[DEBUG] Created new class realm plugin>org.apache.maven.plugins:maven-install-plugin:2.3.1
[DEBUG] Importing foreign packages into class realm plugin>org.apache.maven.plugins:maven-install-plugin:2.3.1
[DEBUG]   Imported:  < maven.api
[DEBUG] Populating class realm plugin>org.apache.maven.plugins:maven-install-plugin:2.3.1
[DEBUG]   Included: org.apache.maven.plugins:maven-install-plugin:jar:2.3.1
[DEBUG]   Included: junit:junit:jar:3.8.1
[DEBUG]   Included: org.codehaus.plexus:plexus-utils:jar:2.0.5
[DEBUG]   Included: org.codehaus.plexus:plexus-digest:jar:1.0
[DEBUG]   Excluded: org.apache.maven:maven-plugin-api:jar:2.0.6
[DEBUG]   Excluded: org.apache.maven:maven-project:jar:2.0.6
[DEBUG]   Excluded: org.apache.maven:maven-settings:jar:2.0.6
[DEBUG]   Excluded: org.apache.maven:maven-profile:jar:2.0.6
[DEBUG]   Excluded: org.apache.maven:maven-plugin-registry:jar:2.0.6
[DEBUG]   Excluded: org.codehaus.plexus:plexus-container-default:jar:1.0-alpha-9-stable-1
[DEBUG]   Excluded: classworlds:classworlds:jar:1.1-alpha-2
[DEBUG]   Excluded: org.apache.maven:maven-model:jar:2.0.6
[DEBUG]   Excluded: org.apache.maven:maven-artifact-manager:jar:2.0.6
[DEBUG]   Excluded: org.apache.maven:maven-repository-metadata:jar:2.0.6
[DEBUG]   Excluded: org.apache.maven:maven-artifact:jar:2.0.6
[DEBUG] Configuring mojo org.apache.maven.plugins:maven-install-plugin:2.3.1:install from plugin realm ClassRealm[plugin>org.apache.maven.plugins:maven-install-plugin:2.3.1, parent: sun.misc.Launcher$AppClassLoader@3326b249]
[DEBUG] Configuring mojo 'org.apache.maven.plugins:maven-install-plugin:2.3.1:install' with basic configurator -->
[DEBUG]   (f) artifact = in.v8delta.template.myWebAppTmpl.webUi:webUi:jar:1.0
[DEBUG]   (f) attachedArtifacts = []
[DEBUG]   (f) createChecksum = false
[DEBUG]   (f) localRepository =        id: local
      url: file:///C:/Users/TCS/.m2/repository/
   layout: none

[DEBUG]   (f) packaging = jar
[DEBUG]   (f) pomFile = C:\Users\TCS\git\my-private-repo\webAppTmpl\webUi\pom.xml
[DEBUG]   (f) updateReleaseInfo = false
[DEBUG] -- end configuration --
[INFO] Installing C:\Users\TCS\git\my-private-repo\webAppTmpl\webUi\target\webUi-1.0.jar to C:\Users\TCS\.m2\repository\in\v8delta\template\myWebAppTmpl\webUi\webUi\1.0\webUi-1.0.jar
[DEBUG] Skipped re-installing C:\Users\TCS\git\my-private-repo\webAppTmpl\webUi\target\webUi-1.0.jar to C:\Users\TCS\.m2\repository\in\v8delta\template\myWebAppTmpl\webUi\webUi\1.0\webUi-1.0.jar, seems unchanged
[DEBUG] Writing resolution tracking file C:\Users\TCS\.m2\repository\in\v8delta\template\myWebAppTmpl\webUi\webUi\1.0\_maven.repositories
[INFO] Installing C:\Users\TCS\git\my-private-repo\webAppTmpl\webUi\pom.xml to C:\Users\TCS\.m2\repository\in\v8delta\template\myWebAppTmpl\webUi\webUi\1.0\webUi-1.0.pom
[DEBUG] Writing resolution tracking file C:\Users\TCS\.m2\repository\in\v8delta\template\myWebAppTmpl\webUi\webUi\1.0\_maven.repositories
[DEBUG] Installing in.v8delta.template.myWebAppTmpl.webUi:webUi/maven-metadata.xml to C:\Users\TCS\.m2\repository\in\v8delta\template\myWebAppTmpl\webUi\webUi\maven-metadata-local.xml
[INFO] 
[INFO] --- maven-antrun-plugin:1.3:run (sencha-build) @ webUi ---
[DEBUG] org.apache.maven.plugins:maven-antrun-plugin:jar:1.3:
[DEBUG]    ant-contrib:ant-contrib:jar:1.0b3:runtime
[DEBUG]       ant:ant:jar:1.5:runtime
[DEBUG]    org.apache.ant:ant-nodeps:jar:1.8.1:runtime
[DEBUG]    org.apache.maven:maven-plugin-api:jar:2.0.4:compile
[DEBUG]    org.apache.maven:maven-project:jar:2.0.4:compile
[DEBUG]       org.apache.maven:maven-settings:jar:2.0.4:compile
[DEBUG]       org.apache.maven:maven-profile:jar:2.0.4:compile
[DEBUG]       org.apache.maven:maven-model:jar:2.0.4:compile
[DEBUG]       org.apache.maven:maven-artifact-manager:jar:2.0.4:compile
[DEBUG]          org.apache.maven:maven-repository-metadata:jar:2.0.4:compile
[DEBUG]       org.codehaus.plexus:plexus-container-default:jar:1.0-alpha-9:compile
[DEBUG]          junit:junit:jar:3.8.1:compile
[DEBUG]          classworlds:classworlds:jar:1.1-alpha-2:compile
[DEBUG]    org.apache.maven:maven-artifact:jar:2.0.4:compile
[DEBUG]    org.codehaus.plexus:plexus-utils:jar:1.5.6:compile
[DEBUG]    org.apache.ant:ant-launcher:jar:1.7.1:runtime
[DEBUG]    org.apache.ant:ant:jar:1.7.1:compile
[DEBUG] Created new class realm plugin>org.apache.maven.plugins:maven-antrun-plugin:1.3
[DEBUG] Importing foreign packages into class realm plugin>org.apache.maven.plugins:maven-antrun-plugin:1.3
[DEBUG]   Imported:  < maven.api
[DEBUG] Populating class realm plugin>org.apache.maven.plugins:maven-antrun-plugin:1.3
[DEBUG]   Included: org.apache.maven.plugins:maven-antrun-plugin:jar:1.3
[DEBUG]   Included: ant-contrib:ant-contrib:jar:1.0b3
[DEBUG]   Included: ant:ant:jar:1.5
[DEBUG]   Included: org.apache.ant:ant-nodeps:jar:1.8.1
[DEBUG]   Included: junit:junit:jar:3.8.1
[DEBUG]   Included: org.codehaus.plexus:plexus-utils:jar:1.5.6
[DEBUG]   Included: org.apache.ant:ant-launcher:jar:1.7.1
[DEBUG]   Included: org.apache.ant:ant:jar:1.7.1
[DEBUG]   Excluded: org.apache.maven:maven-plugin-api:jar:2.0.4
[DEBUG]   Excluded: org.apache.maven:maven-project:jar:2.0.4
[DEBUG]   Excluded: org.apache.maven:maven-settings:jar:2.0.4
[DEBUG]   Excluded: org.apache.maven:maven-profile:jar:2.0.4
[DEBUG]   Excluded: org.apache.maven:maven-model:jar:2.0.4
[DEBUG]   Excluded: org.apache.maven:maven-artifact-manager:jar:2.0.4
[DEBUG]   Excluded: org.apache.maven:maven-repository-metadata:jar:2.0.4
[DEBUG]   Excluded: org.codehaus.plexus:plexus-container-default:jar:1.0-alpha-9
[DEBUG]   Excluded: classworlds:classworlds:jar:1.1-alpha-2
[DEBUG]   Excluded: org.apache.maven:maven-artifact:jar:2.0.4
[DEBUG] Configuring mojo org.apache.maven.plugins:maven-antrun-plugin:1.3:run from plugin realm ClassRealm[plugin>org.apache.maven.plugins:maven-antrun-plugin:1.3, parent: sun.misc.Launcher$AppClassLoader@3326b249]
[DEBUG] Configuring mojo 'org.apache.maven.plugins:maven-antrun-plugin:1.3:run' with override configurator -->
[DEBUG]   (f) pluginArtifacts = [org.apache.maven.plugins:maven-antrun-plugin:maven-plugin:1.3:, ant-contrib:ant-contrib:jar:1.0b3:runtime, ant:ant:jar:1.5:runtime, org.apache.ant:ant-nodeps:jar:1.8.1:runtime, junit:junit:jar:3.8.1:compile, org.codehaus.plexus:plexus-utils:jar:1.5.6:compile, org.apache.ant:ant-launcher:jar:1.7.1:runtime, org.apache.ant:ant:jar:1.7.1:compile]
[DEBUG]   (f) project = MavenProject: in.v8delta.template.myWebAppTmpl.webUi:webUi:1.0 @ C:\Users\TCS\git\my-private-repo\webAppTmpl\webUi\pom.xml
[INFO] ------------------------------------------------------------------------
[INFO] BUILD FAILURE
[INFO] ------------------------------------------------------------------------
[INFO] Total time: 1.210s
[INFO] Finished at: Tue Oct 22 13:05:55 IST 2013
[INFO] Final Memory: 5M/121M
[INFO] ------------------------------------------------------------------------
[ERROR] Failed to execute goal org.apache.maven.plugins:maven-antrun-plugin:1.3:run (sencha-build) on project webUi: An API incompatibility was encountered during configuration of mojo org.apache.maven.plugins:maven-antrun-plugin:1.3:run: java.lang.NoSuchMethodError: org.apache.tools.ant.util.FileUtils.close(Ljava/io/InputStream;)V
[ERROR] -----------------------------------------------------
[ERROR] realm =    plugin>org.apache.maven.plugins:maven-antrun-plugin:1.3
[ERROR] strategy = org.codehaus.plexus.classworlds.strategy.SelfFirstStrategy
[ERROR] urls[0] = file:/C:/Users/TCS/.m2/repository/org/apache/maven/plugins/maven-antrun-plugin/1.3/maven-antrun-plugin-1.3.jar
[ERROR] urls[1] = file:/C:/Users/TCS/.m2/repository/ant-contrib/ant-contrib/1.0b3/ant-contrib-1.0b3.jar
[ERROR] urls[2] = file:/C:/Users/TCS/.m2/repository/ant/ant/1.5/ant-1.5.jar
[ERROR] urls[3] = file:/C:/Users/TCS/.m2/repository/org/apache/ant/ant-nodeps/1.8.1/ant-nodeps-1.8.1.jar
[ERROR] urls[4] = file:/C:/Users/TCS/.m2/repository/junit/junit/3.8.1/junit-3.8.1.jar
[ERROR] urls[5] = file:/C:/Users/TCS/.m2/repository/org/codehaus/plexus/plexus-utils/1.5.6/plexus-utils-1.5.6.jar
[ERROR] urls[6] = file:/C:/Users/TCS/.m2/repository/org/apache/ant/ant-launcher/1.7.1/ant-launcher-1.7.1.jar
[ERROR] urls[7] = file:/C:/Users/TCS/.m2/repository/org/apache/ant/ant/1.7.1/ant-1.7.1.jar
[ERROR] Number of foreign imports: 1
[ERROR] import: Entry[import  from realm ClassRealm[maven.api, parent: null]]
[ERROR] 
[ERROR] -----------------------------------------------------
[ERROR] -> [Help 1]
org.apache.maven.lifecycle.LifecycleExecutionException: Failed to execute goal org.apache.maven.plugins:maven-antrun-plugin:1.3:run (sencha-build) on project webUi: An API incompatibility was encountered during configuration of mojo org.apache.maven.plugins:maven-antrun-plugin:1.3:run: java.lang.NoSuchMethodError: org.apache.tools.ant.util.FileUtils.close(Ljava/io/InputStream;)V
-----------------------------------------------------
realm =    plugin>org.apache.maven.plugins:maven-antrun-plugin:1.3
strategy = org.codehaus.plexus.classworlds.strategy.SelfFirstStrategy
urls[0] = file:/C:/Users/TCS/.m2/repository/org/apache/maven/plugins/maven-antrun-plugin/1.3/maven-antrun-plugin-1.3.jar
urls[1] = file:/C:/Users/TCS/.m2/repository/ant-contrib/ant-contrib/1.0b3/ant-contrib-1.0b3.jar
urls[2] = file:/C:/Users/TCS/.m2/repository/ant/ant/1.5/ant-1.5.jar
urls[3] = file:/C:/Users/TCS/.m2/repository/org/apache/ant/ant-nodeps/1.8.1/ant-nodeps-1.8.1.jar
urls[4] = file:/C:/Users/TCS/.m2/repository/junit/junit/3.8.1/junit-3.8.1.jar
urls[5] = file:/C:/Users/TCS/.m2/repository/org/codehaus/plexus/plexus-utils/1.5.6/plexus-utils-1.5.6.jar
urls[6] = file:/C:/Users/TCS/.m2/repository/org/apache/ant/ant-launcher/1.7.1/ant-launcher-1.7.1.jar
urls[7] = file:/C:/Users/TCS/.m2/repository/org/apache/ant/ant/1.7.1/ant-1.7.1.jar
Number of foreign imports: 1
import: Entry[import  from realm ClassRealm[maven.api, parent: null]]

-----------------------------------------------------

	at org.apache.maven.lifecycle.internal.MojoExecutor.execute(MojoExecutor.java:221)
	at org.apache.maven.lifecycle.internal.MojoExecutor.execute(MojoExecutor.java:153)
	at org.apache.maven.lifecycle.internal.MojoExecutor.execute(MojoExecutor.java:145)
	at org.apache.maven.lifecycle.internal.LifecycleModuleBuilder.buildProject(LifecycleModuleBuilder.java:84)
	at org.apache.maven.lifecycle.internal.LifecycleModuleBuilder.buildProject(LifecycleModuleBuilder.java:59)
	at org.apache.maven.lifecycle.internal.LifecycleStarter.singleThreadedBuild(LifecycleStarter.java:183)
	at org.apache.maven.lifecycle.internal.LifecycleStarter.execute(LifecycleStarter.java:161)
	at org.apache.maven.DefaultMaven.doExecute(DefaultMaven.java:320)
	at org.apache.maven.DefaultMaven.execute(DefaultMaven.java:156)
	at org.apache.maven.cli.MavenCli.execute(MavenCli.java:537)
	at org.apache.maven.cli.MavenCli.doMain(MavenCli.java:196)
	at org.apache.maven.cli.MavenCli.main(MavenCli.java:141)
	at sun.reflect.NativeMethodAccessorImpl.invoke0(Native Method)
	at sun.reflect.NativeMethodAccessorImpl.invoke(NativeMethodAccessorImpl.java:39)
	at sun.reflect.DelegatingMethodAccessorImpl.invoke(DelegatingMethodAccessorImpl.java:25)
	at java.lang.reflect.Method.invoke(Method.java:597)
	at org.codehaus.plexus.classworlds.launcher.Launcher.launchEnhanced(Launcher.java:290)
	at org.codehaus.plexus.classworlds.launcher.Launcher.launch(Launcher.java:230)
	at org.codehaus.plexus.classworlds.launcher.Launcher.mainWithExitCode(Launcher.java:409)
	at org.codehaus.plexus.classworlds.launcher.Launcher.main(Launcher.java:352)
Caused by: org.apache.maven.plugin.PluginConfigurationException: An API incompatibility was encountered during configuration of mojo org.apache.maven.plugins:maven-antrun-plugin:1.3:run: java.lang.NoSuchMethodError: org.apache.tools.ant.util.FileUtils.close(Ljava/io/InputStream;)V
-----------------------------------------------------
realm =    plugin>org.apache.maven.plugins:maven-antrun-plugin:1.3
strategy = org.codehaus.plexus.classworlds.strategy.SelfFirstStrategy
urls[0] = file:/C:/Users/TCS/.m2/repository/org/apache/maven/plugins/maven-antrun-plugin/1.3/maven-antrun-plugin-1.3.jar
urls[1] = file:/C:/Users/TCS/.m2/repository/ant-contrib/ant-contrib/1.0b3/ant-contrib-1.0b3.jar
urls[2] = file:/C:/Users/TCS/.m2/repository/ant/ant/1.5/ant-1.5.jar
urls[3] = file:/C:/Users/TCS/.m2/repository/org/apache/ant/ant-nodeps/1.8.1/ant-nodeps-1.8.1.jar
urls[4] = file:/C:/Users/TCS/.m2/repository/junit/junit/3.8.1/junit-3.8.1.jar
urls[5] = file:/C:/Users/TCS/.m2/repository/org/codehaus/plexus/plexus-utils/1.5.6/plexus-utils-1.5.6.jar
urls[6] = file:/C:/Users/TCS/.m2/repository/org/apache/ant/ant-launcher/1.7.1/ant-launcher-1.7.1.jar
urls[7] = file:/C:/Users/TCS/.m2/repository/org/apache/ant/ant/1.7.1/ant-1.7.1.jar
Number of foreign imports: 1
import: Entry[import  from realm ClassRealm[maven.api, parent: null]]

-----------------------------------------------------

	at org.apache.maven.plugin.internal.DefaultMavenPluginManager.populatePluginFields(DefaultMavenPluginManager.java:623)
	at org.apache.maven.plugin.internal.DefaultMavenPluginManager.getConfiguredMojo(DefaultMavenPluginManager.java:529)
	at org.apache.maven.plugin.DefaultBuildPluginManager.executeMojo(DefaultBuildPluginManager.java:92)
	at org.apache.maven.lifecycle.internal.MojoExecutor.execute(MojoExecutor.java:209)
	... 19 more
Caused by: java.lang.NoSuchMethodError: org.apache.tools.ant.util.FileUtils.close(Ljava/io/InputStream;)V
	at org.apache.tools.ant.ComponentHelper.getDefaultDefinitions(ComponentHelper.java:737)
	at org.apache.tools.ant.ComponentHelper.initTasks(ComponentHelper.java:681)
	at org.apache.tools.ant.ComponentHelper.initDefaultDefinitions(ComponentHelper.java:270)
	at org.apache.maven.plugin.antrun.components.AntTargetConverter.initDefinitions(AntTargetConverter.java:189)
	at org.apache.maven.plugin.antrun.components.AntTargetConverter.processConfiguration(AntTargetConverter.java:109)
	at org.apache.maven.plugin.antrun.components.AntTargetConverter.fromConfiguration(AntTargetConverter.java:83)
	at org.codehaus.plexus.component.configurator.converters.ComponentValueSetter.configure(ComponentValueSetter.java:348)
	at org.codehaus.plexus.component.configurator.converters.composite.ObjectWithFieldsConverter.processConfiguration(ObjectWithFieldsConverter.java:161)
	at org.codehaus.plexus.component.configurator.BasicComponentConfigurator.configureComponent(BasicComponentConfigurator.java:56)
	at org.apache.maven.plugin.internal.DefaultMavenPluginManager.populatePluginFields(DefaultMavenPluginManager.java:567)
	... 22 more
[ERROR] 
[ERROR] 
[ERROR] For more information about the errors and possible solutions, please read the following articles:
[ERROR] [Help 1] http://cwiki.apache.org/confluence/display/MAVEN/PluginConfigurationException
